# JRE version: OpenJDK Runtime Environment (11.0.8+10) (build 11.0.8+10-b944.6842174)
# Java VM: OpenJDK 64-Bit Server VM (11.0.8+10-b944.6842174, mixed mode, tiered, compressed oops, g1 gc, windows-amd64)
Heap:
 garbage-first heap   total 279552K, used 160768K [0x0000000080000000, 0x0000000100000000)
  region size 1024K, 18 young (18432K), 3 survivors (3072K)
 Metaspace       used 97536K, capacity 99643K, committed 99968K, reserved 1136640K
  class space    used 11817K, capacity 12554K, committed 12672K, reserved 1048576K
GC Heap History (20 events):
Event: 856.839 GC heap before
{Heap before GC invocations=69 (full 0):
 garbage-first heap   total 199680K, used 147456K [0x0000000080000000, 0x0000000100000000)
  region size 1024K, 27 young (27648K), 3 survivors (3072K)
 Metaspace       used 86465K, capacity 88305K, committed 88576K, reserved 1126400K
  class space    used 10550K, capacity 11163K, committed 11264K, reserved 1048576K
}
Event: 856.910 GC heap after
{Heap after GC invocations=70 (full 0):
 garbage-first heap   total 199680K, used 128512K [0x0000000080000000, 0x0000000100000000)
  region size 1024K, 4 young (4096K), 4 survivors (4096K)
 Metaspace       used 86465K, capacity 88305K, committed 88576K, reserved 1126400K
  class space    used 10550K, capacity 11163K, committed 11264K, reserved 1048576K
}
Event: 861.607 GC heap before
{Heap before GC invocations=70 (full 0):
 garbage-first heap   total 199680K, used 152064K [0x0000000080000000, 0x0000000100000000)
  region size 1024K, 27 young (27648K), 4 survivors (4096K)
 Metaspace       used 87174K, capacity 89026K, committed 89344K, reserved 1128448K
  class space    used 10557K, capacity 11166K, committed 11264K, reserved 1048576K
}
Event: 861.664 GC heap after
{Heap after GC invocations=71 (full 0):
 garbage-first heap   total 199680K, used 130794K [0x0000000080000000, 0x0000000100000000)
  region size 1024K, 2 young (2048K), 2 survivors (2048K)
 Metaspace       used 87174K, capacity 89026K, committed 89344K, reserved 1128448K
  class space    used 10557K, capacity 11166K, committed 11264K, reserved 1048576K
}
Event: 869.734 GC heap before
{Heap before GC invocations=72 (full 0):
 garbage-first heap   total 199680K, used 153322K [0x0000000080000000, 0x0000000100000000)
  region size 1024K, 25 young (25600K), 2 survivors (2048K)
 Metaspace       used 87340K, capacity 89267K, committed 89344K, reserved 1128448K
  class space    used 10568K, capacity 11202K, committed 11264K, reserved 1048576K
}
Event: 869.787 GC heap after
{Heap after GC invocations=73 (full 0):
 garbage-first heap   total 199680K, used 131834K [0x0000000080000000, 0x0000000100000000)
  region size 1024K, 3 young (3072K), 3 survivors (3072K)
 Metaspace       used 87340K, capacity 89267K, committed 89344K, reserved 1128448K
  class space    used 10568K, capacity 11202K, committed 11264K, reserved 1048576K
}
Event: 870.226 GC heap before
{Heap before GC invocations=73 (full 0):
 garbage-first heap   total 199680K, used 137978K [0x0000000080000000, 0x0000000100000000)
  region size 1024K, 9 young (9216K), 3 survivors (3072K)
 Metaspace       used 87347K, capacity 89268K, committed 89344K, reserved 1128448K
  class space    used 10568K, capacity 11202K, committed 11264K, reserved 1048576K
}
Event: 870.271 GC heap after
{Heap after GC invocations=74 (full 0):
 garbage-first heap   total 279552K, used 126998K [0x0000000080000000, 0x0000000100000000)
  region size 1024K, 1 young (1024K), 1 survivors (1024K)
 Metaspace       used 87347K, capacity 89268K, committed 89344K, reserved 1128448K
  class space    used 10568K, capacity 11202K, committed 11264K, reserved 1048576K
}
Event: 872.169 GC heap before
{Heap before GC invocations=74 (full 0):
 garbage-first heap   total 279552K, used 177174K [0x0000000080000000, 0x0000000100000000)
  region size 1024K, 51 young (52224K), 1 survivors (1024K)
 Metaspace       used 87985K, capacity 89828K, committed 89856K, reserved 1128448K
  class space    used 10635K, capacity 11260K, committed 11264K, reserved 1048576K
}
Event: 872.192 GC heap after
{Heap after GC invocations=75 (full 0):
 garbage-first heap   total 279552K, used 128617K [0x0000000080000000, 0x0000000100000000)
  region size 1024K, 3 young (3072K), 3 survivors (3072K)
 Metaspace       used 87985K, capacity 89828K, committed 89856K, reserved 1128448K
  class space    used 10635K, capacity 11260K, committed 11264K, reserved 1048576K
}
Event: 874.035 GC heap before
{Heap before GC invocations=76 (full 0):
 garbage-first heap   total 279552K, used 163433K [0x0000000080000000, 0x0000000100000000)
  region size 1024K, 62 young (63488K), 3 survivors (3072K)
 Metaspace       used 88014K, capacity 89828K, committed 89856K, reserved 1128448K
  class space    used 10637K, capacity 11260K, committed 11264K, reserved 1048576K
}
Event: 874.060 GC heap after
{Heap after GC invocations=77 (full 0):
 garbage-first heap   total 279552K, used 105153K [0x0000000080000000, 0x0000000100000000)
  region size 1024K, 4 young (4096K), 4 survivors (4096K)
 Metaspace       used 88014K, capacity 89828K, committed 89856K, reserved 1128448K
  class space    used 10637K, capacity 11260K, committed 11264K, reserved 1048576K
}
Event: 874.337 GC heap before
{Heap before GC invocations=77 (full 0):
 garbage-first heap   total 279552K, used 116417K [0x0000000080000000, 0x0000000100000000)
  region size 1024K, 13 young (13312K), 4 survivors (4096K)
 Metaspace       used 88308K, capacity 90145K, committed 90240K, reserved 1128448K
  class space    used 10677K, capacity 11302K, committed 11392K, reserved 1048576K
}
Event: 874.365 GC heap after
{Heap after GC invocations=78 (full 0):
 garbage-first heap   total 279552K, used 91328K [0x0000000080000000, 0x0000000100000000)
  region size 1024K, 2 young (2048K), 2 survivors (2048K)
 Metaspace       used 88308K, capacity 90145K, committed 90240K, reserved 1128448K
  class space    used 10677K, capacity 11302K, committed 11392K, reserved 1048576K
}
Event: 886.427 GC heap before
{Heap before GC invocations=78 (full 0):
 garbage-first heap   total 279552K, used 178368K [0x0000000080000000, 0x0000000100000000)
  region size 1024K, 89 young (91136K), 2 survivors (2048K)
 Metaspace       used 96025K, capacity 98139K, committed 98432K, reserved 1134592K
  class space    used 11595K, capacity 12337K, committed 12416K, reserved 1048576K
}
Event: 886.455 GC heap after
{Heap after GC invocations=79 (full 0):
 garbage-first heap   total 279552K, used 93029K [0x0000000080000000, 0x0000000100000000)
  region size 1024K, 6 young (6144K), 6 survivors (6144K)
 Metaspace       used 96025K, capacity 98139K, committed 98432K, reserved 1134592K
  class space    used 11595K, capacity 12337K, committed 12416K, reserved 1048576K
}
Event: 890.215 GC heap before
{Heap before GC invocations=80 (full 0):
 garbage-first heap   total 279552K, used 203621K [0x0000000080000000, 0x0000000100000000)
  region size 1024K, 102 young (104448K), 6 survivors (6144K)
 Metaspace       used 97444K, capacity 99571K, committed 99712K, reserved 1136640K
  class space    used 11816K, capacity 12553K, committed 12672K, reserved 1048576K
}
Event: 890.619 GC heap after
{Heap after GC invocations=81 (full 0):
 garbage-first heap   total 279552K, used 135535K [0x0000000080000000, 0x0000000100000000)
  region size 1024K, 13 young (13312K), 13 survivors (13312K)
 Metaspace       used 97444K, capacity 99571K, committed 99712K, reserved 1136640K
  class space    used 11816K, capacity 12553K, committed 12672K, reserved 1048576K
}
Event: 890.951 GC heap before
{Heap before GC invocations=81 (full 0):
 garbage-first heap   total 279552K, used 139631K [0x0000000080000000, 0x0000000100000000)
  region size 1024K, 18 young (18432K), 13 survivors (13312K)
 Metaspace       used 97510K, capacity 99639K, committed 99968K, reserved 1136640K
  class space    used 11817K, capacity 12554K, committed 12672K, reserved 1048576K
}
Event: 891.117 GC heap after
{Heap after GC invocations=82 (full 0):
 garbage-first heap   total 279552K, used 139264K [0x0000000080000000, 0x0000000100000000)
  region size 1024K, 3 young (3072K), 3 survivors (3072K)
 Metaspace       used 97510K, capacity 99639K, committed 99968K, reserved 1136640K
  class space    used 11817K, capacity 12554K, committed 12672K, reserved 1048576K
}

