# JRE version: OpenJDK Runtime Environment (11.0.8+10) (build 11.0.8+10-b944.6842174)
# Java VM: OpenJDK 64-Bit Server VM (11.0.8+10-b944.6842174, mixed mode, tiered, compressed oops, g1 gc, windows-amd64)
Heap:
 garbage-first heap   total 696320K, used 164313K [0x0000000080000000, 0x0000000100000000)
  region size 1024K, 3 young (3072K), 3 survivors (3072K)
 Metaspace       used 119911K, capacity 122479K, committed 125772K, reserved 1159168K
  class space    used 14159K, capacity 15003K, committed 15692K, reserved 1048576K
GC Heap History (20 events):
Event: 4049.143 GC heap after
{Heap after GC invocations=112 (full 0):
 garbage-first heap   total 359424K, used 139264K [0x0000000080000000, 0x0000000100000000)
  region size 1024K, 1 young (1024K), 1 survivors (1024K)
 Metaspace       used 119740K, capacity 122202K, committed 125772K, reserved 1159168K
  class space    used 14154K, capacity 14997K, committed 15692K, reserved 1048576K
}
Event: 4060.171 GC heap before
{Heap before GC invocations=112 (full 0):
 garbage-first heap   total 359424K, used 191488K [0x0000000080000000, 0x0000000100000000)
  region size 1024K, 52 young (53248K), 1 survivors (1024K)
 Metaspace       used 119827K, capacity 122412K, committed 125772K, reserved 1159168K
  class space    used 14158K, capacity 15002K, committed 15692K, reserved 1048576K
}
Event: 4060.227 GC heap after
{Heap after GC invocations=113 (full 0):
 garbage-first heap   total 359424K, used 141291K [0x0000000080000000, 0x0000000100000000)
  region size 1024K, 3 young (3072K), 3 survivors (3072K)
 Metaspace       used 119827K, capacity 122412K, committed 125772K, reserved 1159168K
  class space    used 14158K, capacity 15002K, committed 15692K, reserved 1048576K
}
Event: 4061.474 GC heap before
{Heap before GC invocations=114 (full 0):
 garbage-first heap   total 359424K, used 173035K [0x0000000080000000, 0x0000000100000000)
  region size 1024K, 39 young (39936K), 3 survivors (3072K)
 Metaspace       used 119831K, capacity 122415K, committed 125772K, reserved 1159168K
  class space    used 14158K, capacity 15003K, committed 15692K, reserved 1048576K
}
Event: 4061.551 GC heap after
{Heap after GC invocations=115 (full 0):
 garbage-first heap   total 359424K, used 140622K [0x0000000080000000, 0x0000000100000000)
  region size 1024K, 5 young (5120K), 5 survivors (5120K)
 Metaspace       used 119831K, capacity 122415K, committed 125772K, reserved 1159168K
  class space    used 14158K, capacity 15003K, committed 15692K, reserved 1048576K
}
Event: 4062.130 GC heap before
{Heap before GC invocations=115 (full 0):
 garbage-first heap   total 359424K, used 151886K [0x0000000080000000, 0x0000000100000000)
  region size 1024K, 17 young (17408K), 5 survivors (5120K)
 Metaspace       used 119884K, capacity 122479K, committed 125772K, reserved 1159168K
  class space    used 14158K, capacity 15003K, committed 15692K, reserved 1048576K
}
Event: 4062.244 GC heap after
{Heap after GC invocations=116 (full 0):
 garbage-first heap   total 359424K, used 128040K [0x0000000080000000, 0x0000000100000000)
  region size 1024K, 2 young (2048K), 2 survivors (2048K)
 Metaspace       used 119884K, capacity 122479K, committed 125772K, reserved 1159168K
  class space    used 14158K, capacity 15003K, committed 15692K, reserved 1048576K
}
Event: 4062.614 GC heap before
{Heap before GC invocations=116 (full 0):
 garbage-first heap   total 359424K, used 142376K [0x0000000080000000, 0x0000000100000000)
  region size 1024K, 17 young (17408K), 2 survivors (2048K)
 Metaspace       used 119892K, capacity 122479K, committed 125772K, reserved 1159168K
  class space    used 14158K, capacity 15003K, committed 15692K, reserved 1048576K
}
Event: 4062.678 GC heap after
{Heap after GC invocations=117 (full 0):
 garbage-first heap   total 359424K, used 125435K [0x0000000080000000, 0x0000000100000000)
  region size 1024K, 2 young (2048K), 2 survivors (2048K)
 Metaspace       used 119892K, capacity 122479K, committed 125772K, reserved 1159168K
  class space    used 14158K, capacity 15003K, committed 15692K, reserved 1048576K
}
Event: 4064.114 GC heap before
{Heap before GC invocations=117 (full 0):
 garbage-first heap   total 359424K, used 133627K [0x0000000080000000, 0x0000000100000000)
  region size 1024K, 12 young (12288K), 2 survivors (2048K)
 Metaspace       used 119903K, capacity 122479K, committed 125772K, reserved 1159168K
  class space    used 14158K, capacity 15003K, committed 15692K, reserved 1048576K
}
Event: 4064.131 GC heap after
{Heap after GC invocations=118 (full 0):
 garbage-first heap   total 359424K, used 124369K [0x0000000080000000, 0x0000000100000000)
  region size 1024K, 3 young (3072K), 3 survivors (3072K)
 Metaspace       used 119903K, capacity 122479K, committed 125772K, reserved 1159168K
  class space    used 14158K, capacity 15003K, committed 15692K, reserved 1048576K
}
Event: 4065.318 GC heap before
{Heap before GC invocations=119 (full 0):
 garbage-first heap   total 359424K, used 203217K [0x0000000080000000, 0x0000000100000000)
  region size 1024K, 73 young (74752K), 3 survivors (3072K)
 Metaspace       used 119905K, capacity 122479K, committed 125772K, reserved 1159168K
  class space    used 14159K, capacity 15003K, committed 15692K, reserved 1048576K
}
Event: 4065.690 GC heap after
{Heap after GC invocations=120 (full 0):
 garbage-first heap   total 359424K, used 163600K [0x0000000080000000, 0x0000000100000000)
  region size 1024K, 10 young (10240K), 10 survivors (10240K)
 Metaspace       used 119905K, capacity 122479K, committed 125772K, reserved 1159168K
  class space    used 14159K, capacity 15003K, committed 15692K, reserved 1048576K
}
Event: 4065.968 GC heap before
{Heap before GC invocations=120 (full 0):
 garbage-first heap   total 359424K, used 170768K [0x0000000080000000, 0x0000000100000000)
  region size 1024K, 17 young (17408K), 10 survivors (10240K)
 Metaspace       used 119905K, capacity 122479K, committed 125772K, reserved 1159168K
  class space    used 14159K, capacity 15003K, committed 15692K, reserved 1048576K
}
Event: 4066.214 GC heap after
{Heap after GC invocations=121 (full 0):
 garbage-first heap   total 359424K, used 153600K [0x0000000080000000, 0x0000000100000000)
  region size 1024K, 3 young (3072K), 3 survivors (3072K)
 Metaspace       used 119905K, capacity 122479K, committed 125772K, reserved 1159168K
  class space    used 14159K, capacity 15003K, committed 15692K, reserved 1048576K
}
Event: 4067.057 GC heap before
{Heap before GC invocations=121 (full 0):
 garbage-first heap   total 359424K, used 166912K [0x0000000080000000, 0x0000000100000000)
  region size 1024K, 17 young (17408K), 3 survivors (3072K)
 Metaspace       used 119908K, capacity 122479K, committed 125772K, reserved 1159168K
  class space    used 14159K, capacity 15003K, committed 15692K, reserved 1048576K
}
Event: 4067.209 GC heap after
{Heap after GC invocations=122 (full 0):
 garbage-first heap   total 359424K, used 159744K [0x0000000080000000, 0x0000000100000000)
  region size 1024K, 3 young (3072K), 3 survivors (3072K)
 Metaspace       used 119908K, capacity 122479K, committed 125772K, reserved 1159168K
  class space    used 14159K, capacity 15003K, committed 15692K, reserved 1048576K
}
Event: 4069.215 GC heap before
{Heap before GC invocations=123 (full 0):
 garbage-first heap   total 359424K, used 173056K [0x0000000080000000, 0x0000000100000000)
  region size 1024K, 17 young (17408K), 3 survivors (3072K)
 Metaspace       used 119911K, capacity 122479K, committed 125772K, reserved 1159168K
  class space    used 14159K, capacity 15003K, committed 15692K, reserved 1048576K
}
Event: 4069.281 GC heap after
{Heap after GC invocations=124 (full 0):
 garbage-first heap   total 359424K, used 166656K [0x0000000080000000, 0x0000000100000000)
  region size 1024K, 3 young (3072K), 3 survivors (3072K)
 Metaspace       used 119911K, capacity 122479K, committed 125772K, reserved 1159168K
  class space    used 14159K, capacity 15003K, committed 15692K, reserved 1048576K
}
Event: 4069.589 GC heap before
{Heap before GC invocations=124 (full 0):
 garbage-first heap   total 359424K, used 182016K [0x0000000080000000, 0x0000000100000000)
  region size 1024K, 17 young (17408K), 3 survivors (3072K)
 Metaspace       used 119911K, capacity 122479K, committed 125772K, reserved 1159168K
  class space    used 14159K, capacity 15003K, committed 15692K, reserved 1048576K
}

