# JRE version: OpenJDK Runtime Environment (11.0.8+10) (build 11.0.8+10-b944.6842174)
# Java VM: OpenJDK 64-Bit Server VM (11.0.8+10-b944.6842174, mixed mode, tiered, compressed oops, g1 gc, windows-amd64)
Heap:
 garbage-first heap   total 719872K, used 155937K [0x0000000080000000, 0x0000000100000000)
  region size 1024K, 3 young (3072K), 3 survivors (3072K)
 Metaspace       used 102077K, capacity 104155K, committed 104960K, reserved 1140736K
  class space    used 12321K, capacity 13035K, committed 13312K, reserved 1048576K
GC Heap History (20 events):
Event: 2784.727 GC heap after
{Heap after GC invocations=100 (full 0):
 garbage-first heap   total 312320K, used 127673K [0x0000000080000000, 0x0000000100000000)
  region size 1024K, 1 young (1024K), 1 survivors (1024K)
 Metaspace       used 101504K, capacity 103551K, committed 104448K, reserved 1140736K
  class space    used 12284K, capacity 12987K, committed 13312K, reserved 1048576K
}
Event: 2785.031 GC heap before
{Heap before GC invocations=100 (full 0):
 garbage-first heap   total 312320K, used 142009K [0x0000000080000000, 0x0000000100000000)
  region size 1024K, 15 young (15360K), 1 survivors (1024K)
 Metaspace       used 101520K, capacity 103557K, committed 104448K, reserved 1140736K
  class space    used 12286K, capacity 12989K, committed 13312K, reserved 1048576K
}
Event: 2785.072 GC heap after
{Heap after GC invocations=101 (full 0):
 garbage-first heap   total 374784K, used 126513K [0x0000000080000000, 0x0000000100000000)
  region size 1024K, 1 young (1024K), 1 survivors (1024K)
 Metaspace       used 101520K, capacity 103557K, committed 104448K, reserved 1140736K
  class space    used 12286K, capacity 12989K, committed 13312K, reserved 1048576K
}
Event: 2785.151 GC heap before
{Heap before GC invocations=101 (full 0):
 garbage-first heap   total 374784K, used 137777K [0x0000000080000000, 0x0000000100000000)
  region size 1024K, 13 young (13312K), 1 survivors (1024K)
 Metaspace       used 101522K, capacity 103560K, committed 104448K, reserved 1140736K
  class space    used 12287K, capacity 12990K, committed 13312K, reserved 1048576K
}
Event: 2785.164 GC heap after
{Heap after GC invocations=102 (full 0):
 garbage-first heap   total 374784K, used 127230K [0x0000000080000000, 0x0000000100000000)
  region size 1024K, 2 young (2048K), 2 survivors (2048K)
 Metaspace       used 101522K, capacity 103560K, committed 104448K, reserved 1140736K
  class space    used 12287K, capacity 12990K, committed 13312K, reserved 1048576K
}
Event: 2787.648 GC heap before
{Heap before GC invocations=103 (full 0):
 garbage-first heap   total 374784K, used 141566K [0x0000000080000000, 0x0000000100000000)
  region size 1024K, 46 young (47104K), 2 survivors (2048K)
 Metaspace       used 102037K, capacity 104091K, committed 104960K, reserved 1140736K
  class space    used 12321K, capacity 13035K, committed 13312K, reserved 1048576K
}
Event: 2787.697 GC heap after
{Heap after GC invocations=104 (full 0):
 garbage-first heap   total 374784K, used 103534K [0x0000000080000000, 0x0000000100000000)
  region size 1024K, 6 young (6144K), 6 survivors (6144K)
 Metaspace       used 102037K, capacity 104091K, committed 104960K, reserved 1140736K
  class space    used 12321K, capacity 13035K, committed 13312K, reserved 1048576K
}
Event: 2789.357 GC heap before
{Heap before GC invocations=104 (full 0):
 garbage-first heap   total 374784K, used 114798K [0x0000000080000000, 0x0000000100000000)
  region size 1024K, 18 young (18432K), 6 survivors (6144K)
 Metaspace       used 102066K, capacity 104091K, committed 104960K, reserved 1140736K
  class space    used 12321K, capacity 13035K, committed 13312K, reserved 1048576K
}
Event: 2789.390 GC heap after
{Heap after GC invocations=105 (full 0):
 garbage-first heap   total 374784K, used 96405K [0x0000000080000000, 0x0000000100000000)
  region size 1024K, 2 young (2048K), 2 survivors (2048K)
 Metaspace       used 102066K, capacity 104091K, committed 104960K, reserved 1140736K
  class space    used 12321K, capacity 13035K, committed 13312K, reserved 1048576K
}
Event: 2789.467 GC heap before
{Heap before GC invocations=105 (full 0):
 garbage-first heap   total 374784K, used 97429K [0x0000000080000000, 0x0000000100000000)
  region size 1024K, 4 young (4096K), 2 survivors (2048K)
 Metaspace       used 102066K, capacity 104091K, committed 104960K, reserved 1140736K
  class space    used 12321K, capacity 13035K, committed 13312K, reserved 1048576K
}
Event: 2789.478 GC heap after
{Heap after GC invocations=106 (full 0):
 garbage-first heap   total 374784K, used 96963K [0x0000000080000000, 0x0000000100000000)
  region size 1024K, 2 young (2048K), 2 survivors (2048K)
 Metaspace       used 102066K, capacity 104091K, committed 104960K, reserved 1140736K
  class space    used 12321K, capacity 13035K, committed 13312K, reserved 1048576K
}
Event: 2790.926 GC heap before
{Heap before GC invocations=107 (full 0):
 garbage-first heap   total 374784K, used 182979K [0x0000000080000000, 0x0000000100000000)
  region size 1024K, 76 young (77824K), 2 survivors (2048K)
 Metaspace       used 102071K, capacity 104091K, committed 104960K, reserved 1140736K
  class space    used 12321K, capacity 13035K, committed 13312K, reserved 1048576K
}
Event: 2791.230 GC heap after
{Heap after GC invocations=108 (full 0):
 garbage-first heap   total 374784K, used 141516K [0x0000000080000000, 0x0000000100000000)
  region size 1024K, 10 young (10240K), 10 survivors (10240K)
 Metaspace       used 102071K, capacity 104091K, committed 104960K, reserved 1140736K
  class space    used 12321K, capacity 13035K, committed 13312K, reserved 1048576K
}
Event: 2791.793 GC heap before
{Heap before GC invocations=108 (full 0):
 garbage-first heap   total 374784K, used 148684K [0x0000000080000000, 0x0000000100000000)
  region size 1024K, 18 young (18432K), 10 survivors (10240K)
 Metaspace       used 102073K, capacity 104091K, committed 104960K, reserved 1140736K
  class space    used 12321K, capacity 13035K, committed 13312K, reserved 1048576K
}
Event: 2792.020 GC heap after
{Heap after GC invocations=109 (full 0):
 garbage-first heap   total 374784K, used 143872K [0x0000000080000000, 0x0000000100000000)
  region size 1024K, 3 young (3072K), 3 survivors (3072K)
 Metaspace       used 102073K, capacity 104091K, committed 104960K, reserved 1140736K
  class space    used 12321K, capacity 13035K, committed 13312K, reserved 1048576K
}
Event: 2792.870 GC heap before
{Heap before GC invocations=109 (full 0):
 garbage-first heap   total 374784K, used 155136K [0x0000000080000000, 0x0000000100000000)
  region size 1024K, 16 young (16384K), 3 survivors (3072K)
 Metaspace       used 102077K, capacity 104155K, committed 104960K, reserved 1140736K
  class space    used 12321K, capacity 13035K, committed 13312K, reserved 1048576K
}
Event: 2792.960 GC heap after
{Heap after GC invocations=110 (full 0):
 garbage-first heap   total 374784K, used 151040K [0x0000000080000000, 0x0000000100000000)
  region size 1024K, 6 young (6144K), 6 survivors (6144K)
 Metaspace       used 102077K, capacity 104155K, committed 104960K, reserved 1140736K
  class space    used 12321K, capacity 13035K, committed 13312K, reserved 1048576K
}
Event: 2794.661 GC heap before
{Heap before GC invocations=111 (full 0):
 garbage-first heap   total 374784K, used 174592K [0x0000000080000000, 0x0000000100000000)
  region size 1024K, 28 young (28672K), 6 survivors (6144K)
 Metaspace       used 102077K, capacity 104155K, committed 104960K, reserved 1140736K
  class space    used 12321K, capacity 13035K, committed 13312K, reserved 1048576K
}
Event: 2794.771 GC heap after
{Heap after GC invocations=112 (full 0):
 garbage-first heap   total 374784K, used 159744K [0x0000000080000000, 0x0000000100000000)
  region size 1024K, 4 young (4096K), 4 survivors (4096K)
 Metaspace       used 102077K, capacity 104155K, committed 104960K, reserved 1140736K
  class space    used 12321K, capacity 13035K, committed 13312K, reserved 1048576K
}
Event: 2794.823 GC heap before
{Heap before GC invocations=112 (full 0):
 garbage-first heap   total 374784K, used 174080K [0x0000000080000000, 0x0000000100000000)
  region size 1024K, 18 young (18432K), 4 survivors (4096K)
 Metaspace       used 102077K, capacity 104155K, committed 104960K, reserved 1140736K
  class space    used 12321K, capacity 13035K, committed 13312K, reserved 1048576K
}

