# JRE version: OpenJDK Runtime Environment (11.0.8+10) (build 11.0.8+10-b944.6842174)
# Java VM: OpenJDK 64-Bit Server VM (11.0.8+10-b944.6842174, mixed mode, tiered, compressed oops, g1 gc, windows-amd64)
Heap:
 garbage-first heap   total 543744K, used 170496K [0x0000000080000000, 0x0000000100000000)
  region size 1024K, 3 young (3072K), 3 survivors (3072K)
 Metaspace       used 110723K, capacity 113399K, committed 113536K, reserved 1148928K
  class space    used 13319K, capacity 14173K, committed 14208K, reserved 1048576K
GC Heap History (20 events):
Event: 6546.322 GC heap after
{Heap after GC invocations=152 (full 0):
 garbage-first heap   total 379904K, used 101235K [0x0000000080000000, 0x0000000100000000)
  region size 1024K, 5 young (5120K), 5 survivors (5120K)
 Metaspace       used 109655K, capacity 112287K, committed 112512K, reserved 1146880K
  class space    used 13273K, capacity 14130K, committed 14208K, reserved 1048576K
}
Event: 6552.301 GC heap before
{Heap before GC invocations=153 (full 0):
 garbage-first heap   total 379904K, used 229235K [0x0000000080000000, 0x0000000100000000)
  region size 1024K, 107 young (109568K), 5 survivors (5120K)
 Metaspace       used 110014K, capacity 112684K, committed 112768K, reserved 1148928K
  class space    used 13275K, capacity 14131K, committed 14208K, reserved 1048576K
}
Event: 6552.584 GC heap after
{Heap after GC invocations=154 (full 0):
 garbage-first heap   total 379904K, used 136780K [0x0000000080000000, 0x0000000100000000)
  region size 1024K, 14 young (14336K), 14 survivors (14336K)
 Metaspace       used 110014K, capacity 112684K, committed 112768K, reserved 1148928K
  class space    used 13275K, capacity 14131K, committed 14208K, reserved 1048576K
}
Event: 6554.001 GC heap before
{Heap before GC invocations=154 (full 0):
 garbage-first heap   total 379904K, used 140876K [0x0000000080000000, 0x0000000100000000)
  region size 1024K, 18 young (18432K), 14 survivors (14336K)
 Metaspace       used 110080K, capacity 112685K, committed 112768K, reserved 1148928K
  class space    used 13275K, capacity 14131K, committed 14208K, reserved 1048576K
}
Event: 6554.097 GC heap after
{Heap after GC invocations=155 (full 0):
 garbage-first heap   total 379904K, used 136704K [0x0000000080000000, 0x0000000100000000)
  region size 1024K, 1 young (1024K), 1 survivors (1024K)
 Metaspace       used 110080K, capacity 112685K, committed 112768K, reserved 1148928K
  class space    used 13275K, capacity 14131K, committed 14208K, reserved 1048576K
}
Event: 6562.934 GC heap before
{Heap before GC invocations=155 (full 0):
 garbage-first heap   total 379904K, used 181760K [0x0000000080000000, 0x0000000100000000)
  region size 1024K, 45 young (46080K), 1 survivors (1024K)
 Metaspace       used 110154K, capacity 112750K, committed 113024K, reserved 1148928K
  class space    used 13275K, capacity 14131K, committed 14208K, reserved 1048576K
}
Event: 6563.008 GC heap after
{Heap after GC invocations=156 (full 0):
 garbage-first heap   total 379904K, used 138028K [0x0000000080000000, 0x0000000100000000)
  region size 1024K, 3 young (3072K), 3 survivors (3072K)
 Metaspace       used 110154K, capacity 112750K, committed 113024K, reserved 1148928K
  class space    used 13275K, capacity 14131K, committed 14208K, reserved 1048576K
}
Event: 6563.699 GC heap before
{Heap before GC invocations=156 (full 0):
 garbage-first heap   total 379904K, used 174892K [0x0000000080000000, 0x0000000100000000)
  region size 1024K, 43 young (44032K), 3 survivors (3072K)
 Metaspace       used 110172K, capacity 112750K, committed 113024K, reserved 1148928K
  class space    used 13275K, capacity 14131K, committed 14208K, reserved 1048576K
}
Event: 6563.758 GC heap after
{Heap after GC invocations=157 (full 0):
 garbage-first heap   total 379904K, used 140247K [0x0000000080000000, 0x0000000100000000)
  region size 1024K, 6 young (6144K), 6 survivors (6144K)
 Metaspace       used 110172K, capacity 112750K, committed 113024K, reserved 1148928K
  class space    used 13275K, capacity 14131K, committed 14208K, reserved 1048576K
}
Event: 6567.120 GC heap before
{Heap before GC invocations=158 (full 0):
 garbage-first heap   total 379904K, used 180183K [0x0000000080000000, 0x0000000100000000)
  region size 1024K, 46 young (47104K), 6 survivors (6144K)
 Metaspace       used 110720K, capacity 113335K, committed 113536K, reserved 1148928K
  class space    used 13319K, capacity 14173K, committed 14208K, reserved 1048576K
}
Event: 6567.203 GC heap after
{Heap after GC invocations=159 (full 0):
 garbage-first heap   total 379904K, used 138957K [0x0000000080000000, 0x0000000100000000)
  region size 1024K, 2 young (2048K), 2 survivors (2048K)
 Metaspace       used 110720K, capacity 113335K, committed 113536K, reserved 1148928K
  class space    used 13319K, capacity 14173K, committed 14208K, reserved 1048576K
}
Event: 6568.075 GC heap before
{Heap before GC invocations=159 (full 0):
 garbage-first heap   total 379904K, used 169677K [0x0000000080000000, 0x0000000100000000)
  region size 1024K, 18 young (18432K), 2 survivors (2048K)
 Metaspace       used 110723K, capacity 113399K, committed 113536K, reserved 1148928K
  class space    used 13319K, capacity 14173K, committed 14208K, reserved 1048576K
}
Event: 6568.194 GC heap after
{Heap after GC invocations=160 (full 0):
 garbage-first heap   total 379904K, used 138240K [0x0000000080000000, 0x0000000100000000)
  region size 1024K, 3 young (3072K), 3 survivors (3072K)
 Metaspace       used 110723K, capacity 113399K, committed 113536K, reserved 1148928K
  class space    used 13319K, capacity 14173K, committed 14208K, reserved 1048576K
}
Event: 6568.289 GC heap before
{Heap before GC invocations=160 (full 0):
 garbage-first heap   total 379904K, used 153600K [0x0000000080000000, 0x0000000100000000)
  region size 1024K, 18 young (18432K), 3 survivors (3072K)
 Metaspace       used 110723K, capacity 113399K, committed 113536K, reserved 1148928K
  class space    used 13319K, capacity 14173K, committed 14208K, reserved 1048576K
}
Event: 6568.418 GC heap after
{Heap after GC invocations=161 (full 0):
 garbage-first heap   total 379904K, used 144384K [0x0000000080000000, 0x0000000100000000)
  region size 1024K, 3 young (3072K), 3 survivors (3072K)
 Metaspace       used 110723K, capacity 113399K, committed 113536K, reserved 1148928K
  class space    used 13319K, capacity 14173K, committed 14208K, reserved 1048576K
}
Event: 6568.689 GC heap before
{Heap before GC invocations=161 (full 0):
 garbage-first heap   total 379904K, used 186368K [0x0000000080000000, 0x0000000100000000)
  region size 1024K, 45 young (46080K), 3 survivors (3072K)
 Metaspace       used 110723K, capacity 113399K, committed 113536K, reserved 1148928K
  class space    used 13319K, capacity 14173K, committed 14208K, reserved 1048576K
}
Event: 6568.903 GC heap after
{Heap after GC invocations=162 (full 0):
 garbage-first heap   total 379904K, used 169472K [0x0000000080000000, 0x0000000100000000)
  region size 1024K, 6 young (6144K), 6 survivors (6144K)
 Metaspace       used 110723K, capacity 113399K, committed 113536K, reserved 1148928K
  class space    used 13319K, capacity 14173K, committed 14208K, reserved 1048576K
}
Event: 6569.905 GC heap before
{Heap before GC invocations=163 (full 0):
 garbage-first heap   total 379904K, used 174592K [0x0000000080000000, 0x0000000100000000)
  region size 1024K, 18 young (18432K), 6 survivors (6144K)
 Metaspace       used 110723K, capacity 113399K, committed 113536K, reserved 1148928K
  class space    used 13319K, capacity 14173K, committed 14208K, reserved 1048576K
}
Event: 6570.111 GC heap after
{Heap after GC invocations=164 (full 0):
 garbage-first heap   total 379904K, used 171008K [0x0000000080000000, 0x0000000100000000)
  region size 1024K, 3 young (3072K), 3 survivors (3072K)
 Metaspace       used 110723K, capacity 113399K, committed 113536K, reserved 1148928K
  class space    used 13319K, capacity 14173K, committed 14208K, reserved 1048576K
}
Event: 6571.162 GC heap before
{Heap before GC invocations=164 (full 0):
 garbage-first heap   total 379904K, used 185344K [0x0000000080000000, 0x0000000100000000)
  region size 1024K, 18 young (18432K), 3 survivors (3072K)
 Metaspace       used 110723K, capacity 113399K, committed 113536K, reserved 1148928K
  class space    used 13319K, capacity 14173K, committed 14208K, reserved 1048576K
}

