# JRE version: OpenJDK Runtime Environment (11.0.8+10) (build 11.0.8+10-b944.6842174)
# Java VM: OpenJDK 64-Bit Server VM (11.0.8+10-b944.6842174, mixed mode, tiered, compressed oops, g1 gc, windows-amd64)
Heap:
 garbage-first heap   total 708608K, used 185856K [0x0000000080000000, 0x0000000100000000)
  region size 1024K, 3 young (3072K), 3 survivors (3072K)
 Metaspace       used 117223K, capacity 120150K, committed 120448K, reserved 1155072K
  class space    used 13935K, capacity 14886K, committed 14976K, reserved 1048576K
GC Heap History (20 events):
Event: 1166.300 GC heap after
{Heap after GC invocations=121 (full 0):
 garbage-first heap   total 300032K, used 171264K [0x0000000080000000, 0x0000000100000000)
  region size 1024K, 2 young (2048K), 2 survivors (2048K)
 Metaspace       used 117074K, capacity 119997K, committed 120192K, reserved 1155072K
  class space    used 13929K, capacity 14881K, committed 14976K, reserved 1048576K
}
Event: 1166.469 GC heap before
{Heap before GC invocations=121 (full 0):
 garbage-first heap   total 300032K, used 191744K [0x0000000080000000, 0x0000000100000000)
  region size 1024K, 21 young (21504K), 2 survivors (2048K)
 Metaspace       used 117081K, capacity 119998K, committed 120192K, reserved 1155072K
  class space    used 13929K, capacity 14881K, committed 14976K, reserved 1048576K
}
Event: 1166.487 GC heap after
{Heap after GC invocations=122 (full 0):
 garbage-first heap   total 300032K, used 175104K [0x0000000080000000, 0x0000000100000000)
  region size 1024K, 3 young (3072K), 3 survivors (3072K)
 Metaspace       used 117081K, capacity 119998K, committed 120192K, reserved 1155072K
  class space    used 13929K, capacity 14881K, committed 14976K, reserved 1048576K
}
Event: 1167.448 GC heap before
{Heap before GC invocations=122 (full 0):
 garbage-first heap   total 300032K, used 220160K [0x0000000080000000, 0x0000000100000000)
  region size 1024K, 40 young (40960K), 3 survivors (3072K)
 Metaspace       used 117123K, capacity 120064K, committed 120192K, reserved 1155072K
  class space    used 13929K, capacity 14881K, committed 14976K, reserved 1048576K
}
Event: 1167.471 GC heap after
{Heap after GC invocations=123 (full 0):
 garbage-first heap   total 300032K, used 182584K [0x0000000080000000, 0x0000000100000000)
  region size 1024K, 5 young (5120K), 5 survivors (5120K)
 Metaspace       used 117123K, capacity 120064K, committed 120192K, reserved 1155072K
  class space    used 13929K, capacity 14881K, committed 14976K, reserved 1048576K
}
Event: 1171.891 GC heap before
{Heap before GC invocations=123 (full 0):
 garbage-first heap   total 300032K, used 189752K [0x0000000080000000, 0x0000000100000000)
  region size 1024K, 13 young (13312K), 5 survivors (5120K)
 Metaspace       used 117167K, capacity 120083K, committed 120192K, reserved 1155072K
  class space    used 13935K, capacity 14886K, committed 14976K, reserved 1048576K
}
Event: 1171.913 GC heap after
{Heap after GC invocations=124 (full 0):
 garbage-first heap   total 300032K, used 178034K [0x0000000080000000, 0x0000000100000000)
  region size 1024K, 5 young (5120K), 5 survivors (5120K)
 Metaspace       used 117167K, capacity 120083K, committed 120192K, reserved 1155072K
  class space    used 13935K, capacity 14886K, committed 14976K, reserved 1048576K
}
Event: 1172.219 GC heap before
{Heap before GC invocations=124 (full 0):
 garbage-first heap   total 300032K, used 201586K [0x0000000080000000, 0x0000000100000000)
  region size 1024K, 14 young (14336K), 5 survivors (5120K)
 Metaspace       used 117187K, capacity 120147K, committed 120448K, reserved 1155072K
  class space    used 13935K, capacity 14886K, committed 14976K, reserved 1048576K
}
Event: 1172.240 GC heap after
{Heap after GC invocations=125 (full 0):
 garbage-first heap   total 300032K, used 191660K [0x0000000080000000, 0x0000000100000000)
  region size 1024K, 2 young (2048K), 2 survivors (2048K)
 Metaspace       used 117187K, capacity 120147K, committed 120448K, reserved 1155072K
  class space    used 13935K, capacity 14886K, committed 14976K, reserved 1048576K
}
Event: 1172.349 GC heap before
{Heap before GC invocations=125 (full 0):
 garbage-first heap   total 300032K, used 203948K [0x0000000080000000, 0x0000000100000000)
  region size 1024K, 14 young (14336K), 2 survivors (2048K)
 Metaspace       used 117194K, capacity 120147K, committed 120448K, reserved 1155072K
  class space    used 13935K, capacity 14886K, committed 14976K, reserved 1048576K
}
Event: 1172.390 GC heap after
{Heap after GC invocations=126 (full 0):
 garbage-first heap   total 360448K, used 195584K [0x0000000080000000, 0x0000000100000000)
  region size 1024K, 2 young (2048K), 2 survivors (2048K)
 Metaspace       used 117194K, capacity 120147K, committed 120448K, reserved 1155072K
  class space    used 13935K, capacity 14886K, committed 14976K, reserved 1048576K
}
Event: 1172.625 GC heap before
{Heap before GC invocations=126 (full 0):
 garbage-first heap   total 360448K, used 186368K [0x0000000080000000, 0x0000000100000000)
  region size 1024K, 17 young (17408K), 2 survivors (2048K)
 Metaspace       used 117194K, capacity 120147K, committed 120448K, reserved 1155072K
  class space    used 13935K, capacity 14886K, committed 14976K, reserved 1048576K
}
Event: 1172.705 GC heap after
{Heap after GC invocations=127 (full 0):
 garbage-first heap   total 360448K, used 180600K [0x0000000080000000, 0x0000000100000000)
  region size 1024K, 3 young (3072K), 3 survivors (3072K)
 Metaspace       used 117194K, capacity 120147K, committed 120448K, reserved 1155072K
  class space    used 13935K, capacity 14886K, committed 14976K, reserved 1048576K
}
Event: 1173.419 GC heap before
{Heap before GC invocations=128 (full 0):
 garbage-first heap   total 360448K, used 194936K [0x0000000080000000, 0x0000000100000000)
  region size 1024K, 17 young (17408K), 3 survivors (3072K)
 Metaspace       used 117210K, capacity 120150K, committed 120448K, reserved 1155072K
  class space    used 13935K, capacity 14886K, committed 14976K, reserved 1048576K
}
Event: 1173.545 GC heap after
{Heap after GC invocations=129 (full 0):
 garbage-first heap   total 360448K, used 189952K [0x0000000080000000, 0x0000000100000000)
  region size 1024K, 3 young (3072K), 3 survivors (3072K)
 Metaspace       used 117210K, capacity 120150K, committed 120448K, reserved 1155072K
  class space    used 13935K, capacity 14886K, committed 14976K, reserved 1048576K
}
Event: 1173.932 GC heap before
{Heap before GC invocations=129 (full 0):
 garbage-first heap   total 360448K, used 204288K [0x0000000080000000, 0x0000000100000000)
  region size 1024K, 17 young (17408K), 3 survivors (3072K)
 Metaspace       used 117211K, capacity 120150K, committed 120448K, reserved 1155072K
  class space    used 13935K, capacity 14886K, committed 14976K, reserved 1048576K
}
Event: 1174.028 GC heap after
{Heap after GC invocations=130 (full 0):
 garbage-first heap   total 360448K, used 187904K [0x0000000080000000, 0x0000000100000000)
  region size 1024K, 3 young (3072K), 3 survivors (3072K)
 Metaspace       used 117211K, capacity 120150K, committed 120448K, reserved 1155072K
  class space    used 13935K, capacity 14886K, committed 14976K, reserved 1048576K
}
Event: 1174.376 GC heap before
{Heap before GC invocations=130 (full 0):
 garbage-first heap   total 360448K, used 201216K [0x0000000080000000, 0x0000000100000000)
  region size 1024K, 17 young (17408K), 3 survivors (3072K)
 Metaspace       used 117211K, capacity 120150K, committed 120448K, reserved 1155072K
  class space    used 13935K, capacity 14886K, committed 14976K, reserved 1048576K
}
Event: 1174.502 GC heap after
{Heap after GC invocations=131 (full 0):
 garbage-first heap   total 360448K, used 188416K [0x0000000080000000, 0x0000000100000000)
  region size 1024K, 3 young (3072K), 3 survivors (3072K)
 Metaspace       used 117211K, capacity 120150K, committed 120448K, reserved 1155072K
  class space    used 13935K, capacity 14886K, committed 14976K, reserved 1048576K
}
Event: 1175.544 GC heap before
{Heap before GC invocations=131 (full 0):
 garbage-first heap   total 360448K, used 201728K [0x0000000080000000, 0x0000000100000000)
  region size 1024K, 17 young (17408K), 3 survivors (3072K)
 Metaspace       used 117223K, capacity 120150K, committed 120448K, reserved 1155072K
  class space    used 13935K, capacity 14886K, committed 14976K, reserved 1048576K
}

