# JRE version: OpenJDK Runtime Environment (11.0.8+10) (build 11.0.8+10-b944.6842174)
# Java VM: OpenJDK 64-Bit Server VM (11.0.8+10-b944.6842174, mixed mode, tiered, compressed oops, g1 gc, windows-amd64)
Heap:
 garbage-first heap   total 492544K, used 147968K [0x0000000080000000, 0x0000000100000000)
  region size 1024K, 2 young (2048K), 2 survivors (2048K)
 Metaspace       used 103384K, capacity 105839K, committed 105984K, reserved 1142784K
  class space    used 12498K, capacity 13296K, committed 13312K, reserved 1048576K
GC Heap History (20 events):
Event: 2390.232 GC heap after
{Heap after GC invocations=102 (full 0):
 garbage-first heap   total 267264K, used 106476K [0x0000000080000000, 0x0000000100000000)
  region size 1024K, 2 young (2048K), 2 survivors (2048K)
 Metaspace       used 97253K, capacity 99564K, committed 99968K, reserved 1136640K
  class space    used 11889K, capacity 12595K, committed 12672K, reserved 1048576K
}
Event: 2394.391 GC heap before
{Heap before GC invocations=102 (full 0):
 garbage-first heap   total 267264K, used 167916K [0x0000000080000000, 0x0000000100000000)
  region size 1024K, 62 young (63488K), 2 survivors (2048K)
 Metaspace       used 99130K, capacity 101492K, committed 101632K, reserved 1138688K
  class space    used 12045K, capacity 12782K, committed 12800K, reserved 1048576K
}
Event: 2394.494 GC heap after
{Heap after GC invocations=103 (full 0):
 garbage-first heap   total 267264K, used 119709K [0x0000000080000000, 0x0000000100000000)
  region size 1024K, 8 young (8192K), 8 survivors (8192K)
 Metaspace       used 99130K, capacity 101492K, committed 101632K, reserved 1138688K
  class space    used 12045K, capacity 12782K, committed 12800K, reserved 1048576K
}
Event: 2403.778 GC heap before
{Heap before GC invocations=104 (full 0):
 garbage-first heap   total 267264K, used 154525K [0x0000000080000000, 0x0000000100000000)
  region size 1024K, 42 young (43008K), 8 survivors (8192K)
 Metaspace       used 99783K, capacity 102150K, committed 102272K, reserved 1138688K
  class space    used 12088K, capacity 12872K, committed 12928K, reserved 1048576K
}
Event: 2403.840 GC heap after
{Heap after GC invocations=105 (full 0):
 garbage-first heap   total 267264K, used 116736K [0x0000000080000000, 0x0000000100000000)
  region size 1024K, 2 young (2048K), 2 survivors (2048K)
 Metaspace       used 99783K, capacity 102150K, committed 102272K, reserved 1138688K
  class space    used 12088K, capacity 12872K, committed 12928K, reserved 1048576K
}
Event: 2404.976 GC heap before
{Heap before GC invocations=105 (full 0):
 garbage-first heap   total 267264K, used 180224K [0x0000000080000000, 0x0000000100000000)
  region size 1024K, 65 young (66560K), 2 survivors (2048K)
 Metaspace       used 99807K, capacity 102214K, committed 102272K, reserved 1138688K
  class space    used 12088K, capacity 12872K, committed 12928K, reserved 1048576K
}
Event: 2405.000 GC heap after
{Heap after GC invocations=106 (full 0):
 garbage-first heap   total 267264K, used 117287K [0x0000000080000000, 0x0000000100000000)
  region size 1024K, 3 young (3072K), 3 survivors (3072K)
 Metaspace       used 99807K, capacity 102214K, committed 102272K, reserved 1138688K
  class space    used 12088K, capacity 12872K, committed 12928K, reserved 1048576K
}
Event: 2409.189 GC heap before
{Heap before GC invocations=107 (full 0):
 garbage-first heap   total 267264K, used 182823K [0x0000000080000000, 0x0000000100000000)
  region size 1024K, 70 young (71680K), 3 survivors (3072K)
 Metaspace       used 103105K, capacity 105599K, committed 105728K, reserved 1142784K
  class space    used 12472K, capacity 13291K, committed 13312K, reserved 1048576K
}
Event: 2409.256 GC heap after
{Heap after GC invocations=108 (full 0):
 garbage-first heap   total 267264K, used 120577K [0x0000000080000000, 0x0000000100000000)
  region size 1024K, 9 young (9216K), 9 survivors (9216K)
 Metaspace       used 103105K, capacity 105599K, committed 105728K, reserved 1142784K
  class space    used 12472K, capacity 13291K, committed 13312K, reserved 1048576K
}
Event: 2409.579 GC heap before
{Heap before GC invocations=108 (full 0):
 garbage-first heap   total 267264K, used 124673K [0x0000000080000000, 0x0000000100000000)
  region size 1024K, 13 young (13312K), 9 survivors (9216K)
 Metaspace       used 103271K, capacity 105756K, committed 105984K, reserved 1142784K
  class space    used 12488K, capacity 13302K, committed 13312K, reserved 1048576K
}
Event: 2409.657 GC heap after
{Heap after GC invocations=109 (full 0):
 garbage-first heap   total 321536K, used 113013K [0x0000000080000000, 0x0000000100000000)
  region size 1024K, 1 young (1024K), 1 survivors (1024K)
 Metaspace       used 103271K, capacity 105756K, committed 105984K, reserved 1142784K
  class space    used 12488K, capacity 13302K, committed 13312K, reserved 1048576K
}
Event: 2411.457 GC heap before
{Heap before GC invocations=109 (full 0):
 garbage-first heap   total 321536K, used 128373K [0x0000000080000000, 0x0000000100000000)
  region size 1024K, 18 young (18432K), 1 survivors (1024K)
 Metaspace       used 103402K, capacity 105897K, committed 105984K, reserved 1142784K
  class space    used 12504K, capacity 13306K, committed 13312K, reserved 1048576K
}
Event: 2411.477 GC heap after
{Heap after GC invocations=110 (full 0):
 garbage-first heap   total 321536K, used 112310K [0x0000000080000000, 0x0000000100000000)
  region size 1024K, 3 young (3072K), 3 survivors (3072K)
 Metaspace       used 103402K, capacity 105897K, committed 105984K, reserved 1142784K
  class space    used 12504K, capacity 13306K, committed 13312K, reserved 1048576K
}
Event: 2413.236 GC heap before
{Heap before GC invocations=111 (full 0):
 garbage-first heap   total 321536K, used 188086K [0x0000000080000000, 0x0000000100000000)
  region size 1024K, 67 young (68608K), 3 survivors (3072K)
 Metaspace       used 103416K, capacity 105899K, committed 105984K, reserved 1142784K
  class space    used 12504K, capacity 13306K, committed 13312K, reserved 1048576K
}
Event: 2413.544 GC heap after
{Heap after GC invocations=112 (full 0):
 garbage-first heap   total 321536K, used 150252K [0x0000000080000000, 0x0000000100000000)
  region size 1024K, 9 young (9216K), 9 survivors (9216K)
 Metaspace       used 103416K, capacity 105899K, committed 105984K, reserved 1142784K
  class space    used 12504K, capacity 13306K, committed 13312K, reserved 1048576K
}
Event: 2413.734 GC heap before
{Heap before GC invocations=112 (full 0):
 garbage-first heap   total 321536K, used 155372K [0x0000000080000000, 0x0000000100000000)
  region size 1024K, 15 young (15360K), 9 survivors (9216K)
 Metaspace       used 103416K, capacity 105899K, committed 105984K, reserved 1142784K
  class space    used 12504K, capacity 13306K, committed 13312K, reserved 1048576K
}
Event: 2413.964 GC heap after
{Heap after GC invocations=113 (full 0):
 garbage-first heap   total 321536K, used 140288K [0x0000000080000000, 0x0000000100000000)
  region size 1024K, 2 young (2048K), 2 survivors (2048K)
 Metaspace       used 103416K, capacity 105899K, committed 105984K, reserved 1142784K
  class space    used 12504K, capacity 13306K, committed 13312K, reserved 1048576K
}
Event: 2414.248 GC heap before
{Heap before GC invocations=113 (full 0):
 garbage-first heap   total 321536K, used 153600K [0x0000000080000000, 0x0000000100000000)
  region size 1024K, 15 young (15360K), 2 survivors (2048K)
 Metaspace       used 103416K, capacity 105899K, committed 105984K, reserved 1142784K
  class space    used 12504K, capacity 13306K, committed 13312K, reserved 1048576K
}
Event: 2414.327 GC heap after
{Heap after GC invocations=114 (full 0):
 garbage-first heap   total 321536K, used 148736K [0x0000000080000000, 0x0000000100000000)
  region size 1024K, 2 young (2048K), 2 survivors (2048K)
 Metaspace       used 103416K, capacity 105899K, committed 105984K, reserved 1142784K
  class space    used 12504K, capacity 13306K, committed 13312K, reserved 1048576K
}
Event: 2416.196 GC heap before
{Heap before GC invocations=115 (full 0):
 garbage-first heap   total 321536K, used 153600K [0x0000000080000000, 0x0000000100000000)
  region size 1024K, 15 young (15360K), 2 survivors (2048K)
 Metaspace       used 103384K, capacity 105839K, committed 105984K, reserved 1142784K
  class space    used 12498K, capacity 13296K, committed 13312K, reserved 1048576K
}

