# JRE version: OpenJDK Runtime Environment (11.0.8+10) (build 11.0.8+10-b944.6842174)
# Java VM: OpenJDK 64-Bit Server VM (11.0.8+10-b944.6842174, mixed mode, tiered, compressed oops, g1 gc, windows-amd64)
Heap:
 garbage-first heap   total 114688K, used 64297K [0x0000000080000000, 0x0000000100000000)
  region size 1024K, 5 young (5120K), 4 survivors (4096K)
 Metaspace       used 73128K, capacity 74948K, committed 75136K, reserved 1114112K
  class space    used 9466K, capacity 10044K, committed 10112K, reserved 1048576K
GC Heap History (20 events):
Event: 39.992 GC heap before
{Heap before GC invocations=15 (full 0):
 garbage-first heap   total 95232K, used 74037K [0x0000000080000000, 0x0000000100000000)
  region size 1024K, 35 young (35840K), 4 survivors (4096K)
 Metaspace       used 46223K, capacity 47433K, committed 47488K, reserved 1091584K
  class space    used 5936K, capacity 6258K, committed 6272K, reserved 1048576K
}
Event: 40.024 GC heap after
{Heap after GC invocations=16 (full 0):
 garbage-first heap   total 95232K, used 48561K [0x0000000080000000, 0x0000000100000000)
  region size 1024K, 5 young (5120K), 5 survivors (5120K)
 Metaspace       used 46223K, capacity 47433K, committed 47488K, reserved 1091584K
  class space    used 5936K, capacity 6258K, committed 6272K, reserved 1048576K
}
Event: 41.937 GC heap before
{Heap before GC invocations=16 (full 0):
 garbage-first heap   total 95232K, used 73137K [0x0000000080000000, 0x0000000100000000)
  region size 1024K, 30 young (30720K), 5 survivors (5120K)
 Metaspace       used 50326K, capacity 51640K, committed 51840K, reserved 1093632K
  class space    used 6409K, capacity 6768K, committed 6784K, reserved 1048576K
}
Event: 41.964 GC heap after
{Heap after GC invocations=17 (full 0):
 garbage-first heap   total 95232K, used 52860K [0x0000000080000000, 0x0000000100000000)
  region size 1024K, 4 young (4096K), 4 survivors (4096K)
 Metaspace       used 50326K, capacity 51640K, committed 51840K, reserved 1093632K
  class space    used 6409K, capacity 6768K, committed 6784K, reserved 1048576K
}
Event: 43.795 GC heap before
{Heap before GC invocations=18 (full 0):
 garbage-first heap   total 95232K, used 74364K [0x0000000080000000, 0x0000000100000000)
  region size 1024K, 26 young (26624K), 4 survivors (4096K)
 Metaspace       used 52476K, capacity 53750K, committed 53888K, reserved 1095680K
  class space    used 6654K, capacity 6997K, committed 7040K, reserved 1048576K
}
Event: 43.828 GC heap after
{Heap after GC invocations=19 (full 0):
 garbage-first heap   total 95232K, used 53463K [0x0000000080000000, 0x0000000100000000)
  region size 1024K, 2 young (2048K), 2 survivors (2048K)
 Metaspace       used 52476K, capacity 53750K, committed 53888K, reserved 1095680K
  class space    used 6654K, capacity 6997K, committed 7040K, reserved 1048576K
}
Event: 43.835 GC heap before
{Heap before GC invocations=19 (full 0):
 garbage-first heap   total 95232K, used 53463K [0x0000000080000000, 0x0000000100000000)
  region size 1024K, 3 young (3072K), 2 survivors (2048K)
 Metaspace       used 52476K, capacity 53750K, committed 53888K, reserved 1095680K
  class space    used 6654K, capacity 6997K, committed 7040K, reserved 1048576K
}
Event: 43.844 GC heap after
{Heap after GC invocations=20 (full 0):
 garbage-first heap   total 114688K, used 53590K [0x0000000080000000, 0x0000000100000000)
  region size 1024K, 2 young (2048K), 2 survivors (2048K)
 Metaspace       used 52476K, capacity 53750K, committed 53888K, reserved 1095680K
  class space    used 6654K, capacity 6997K, committed 7040K, reserved 1048576K
}
Event: 46.884 GC heap before
{Heap before GC invocations=21 (full 0):
 garbage-first heap   total 114688K, used 84310K [0x0000000080000000, 0x0000000100000000)
  region size 1024K, 31 young (31744K), 2 survivors (2048K)
 Metaspace       used 54688K, capacity 56044K, committed 56320K, reserved 1097728K
  class space    used 6949K, capacity 7354K, committed 7424K, reserved 1048576K
}
Event: 46.907 GC heap after
{Heap after GC invocations=22 (full 0):
 garbage-first heap   total 114688K, used 55765K [0x0000000080000000, 0x0000000100000000)
  region size 1024K, 4 young (4096K), 4 survivors (4096K)
 Metaspace       used 54688K, capacity 56044K, committed 56320K, reserved 1097728K
  class space    used 6949K, capacity 7354K, committed 7424K, reserved 1048576K
}
Event: 49.758 GC heap before
{Heap before GC invocations=22 (full 0):
 garbage-first heap   total 114688K, used 85461K [0x0000000080000000, 0x0000000100000000)
  region size 1024K, 33 young (33792K), 4 survivors (4096K)
 Metaspace       used 60190K, capacity 61707K, committed 61952K, reserved 1103872K
  class space    used 7643K, capacity 8101K, committed 8192K, reserved 1048576K
}
Event: 49.785 GC heap after
{Heap after GC invocations=23 (full 0):
 garbage-first heap   total 114688K, used 57206K [0x0000000080000000, 0x0000000100000000)
  region size 1024K, 4 young (4096K), 4 survivors (4096K)
 Metaspace       used 60190K, capacity 61707K, committed 61952K, reserved 1103872K
  class space    used 7643K, capacity 8101K, committed 8192K, reserved 1048576K
}
Event: 52.700 GC heap before
{Heap before GC invocations=24 (full 0):
 garbage-first heap   total 114688K, used 87926K [0x0000000080000000, 0x0000000100000000)
  region size 1024K, 34 young (34816K), 4 survivors (4096K)
 Metaspace       used 64547K, capacity 66151K, committed 66304K, reserved 1107968K
  class space    used 8208K, capacity 8693K, committed 8704K, reserved 1048576K
}
Event: 52.730 GC heap after
{Heap after GC invocations=25 (full 0):
 garbage-first heap   total 114688K, used 58637K [0x0000000080000000, 0x0000000100000000)
  region size 1024K, 3 young (3072K), 3 survivors (3072K)
 Metaspace       used 64547K, capacity 66151K, committed 66304K, reserved 1107968K
  class space    used 8208K, capacity 8693K, committed 8704K, reserved 1048576K
}
Event: 55.043 GC heap before
{Heap before GC invocations=25 (full 0):
 garbage-first heap   total 114688K, used 89357K [0x0000000080000000, 0x0000000100000000)
  region size 1024K, 33 young (33792K), 3 survivors (3072K)
 Metaspace       used 67659K, capacity 69297K, committed 69376K, reserved 1110016K
  class space    used 8658K, capacity 9160K, committed 9216K, reserved 1048576K
}
Event: 55.072 GC heap after
{Heap after GC invocations=26 (full 0):
 garbage-first heap   total 114688K, used 60688K [0x0000000080000000, 0x0000000100000000)
  region size 1024K, 5 young (5120K), 5 survivors (5120K)
 Metaspace       used 67659K, capacity 69297K, committed 69376K, reserved 1110016K
  class space    used 8658K, capacity 9160K, committed 9216K, reserved 1048576K
}
Event: 57.744 GC heap before
{Heap before GC invocations=27 (full 0):
 garbage-first heap   total 114688K, used 90384K [0x0000000080000000, 0x0000000100000000)
  region size 1024K, 34 young (34816K), 5 survivors (5120K)
 Metaspace       used 69982K, capacity 71631K, committed 71808K, reserved 1112064K
  class space    used 9017K, capacity 9524K, committed 9600K, reserved 1048576K
}
Event: 57.783 GC heap after
{Heap after GC invocations=28 (full 0):
 garbage-first heap   total 114688K, used 62303K [0x0000000080000000, 0x0000000100000000)
  region size 1024K, 4 young (4096K), 4 survivors (4096K)
 Metaspace       used 69982K, capacity 71631K, committed 71808K, reserved 1112064K
  class space    used 9017K, capacity 9524K, committed 9600K, reserved 1048576K
}
Event: 60.298 GC heap before
{Heap before GC invocations=28 (full 0):
 garbage-first heap   total 114688K, used 91999K [0x0000000080000000, 0x0000000100000000)
  region size 1024K, 33 young (33792K), 4 survivors (4096K)
 Metaspace       used 73128K, capacity 74948K, committed 75136K, reserved 1114112K
  class space    used 9466K, capacity 10044K, committed 10112K, reserved 1048576K
}
Event: 60.333 GC heap after
{Heap after GC invocations=29 (full 0):
 garbage-first heap   total 114688K, used 64297K [0x0000000080000000, 0x0000000100000000)
  region size 1024K, 4 young (4096K), 4 survivors (4096K)
 Metaspace       used 73128K, capacity 74948K, committed 75136K, reserved 1114112K
  class space    used 9466K, capacity 10044K, committed 10112K, reserved 1048576K
}

