# JRE version: OpenJDK Runtime Environment (11.0.8+10) (build 11.0.8+10-b944.6842174)
# Java VM: OpenJDK 64-Bit Server VM (11.0.8+10-b944.6842174, mixed mode, tiered, compressed oops, g1 gc, windows-amd64)
Heap:
 garbage-first heap   total 561152K, used 158464K [0x0000000080000000, 0x0000000100000000)
  region size 1024K, 3 young (3072K), 3 survivors (3072K)
 Metaspace       used 112121K, capacity 114402K, committed 115456K, reserved 1150976K
  class space    used 13338K, capacity 14093K, committed 14336K, reserved 1048576K
GC Heap History (20 events):
Event: 11015.501 GC heap after
{Heap after GC invocations=157 (full 0):
 garbage-first heap   total 332800K, used 136704K [0x0000000080000000, 0x0000000100000000)
  region size 1024K, 1 young (1024K), 1 survivors (1024K)
 Metaspace       used 111987K, capacity 114238K, committed 115456K, reserved 1150976K
  class space    used 13333K, capacity 14085K, committed 14336K, reserved 1048576K
}
Event: 11017.262 GC heap before
{Heap before GC invocations=157 (full 0):
 garbage-first heap   total 332800K, used 152064K [0x0000000080000000, 0x0000000100000000)
  region size 1024K, 16 young (16384K), 1 survivors (1024K)
 Metaspace       used 111987K, capacity 114238K, committed 115456K, reserved 1150976K
  class space    used 13333K, capacity 14085K, committed 14336K, reserved 1048576K
}
Event: 11017.339 GC heap after
{Heap after GC invocations=158 (full 0):
 garbage-first heap   total 332800K, used 134169K [0x0000000080000000, 0x0000000100000000)
  region size 1024K, 2 young (2048K), 2 survivors (2048K)
 Metaspace       used 111987K, capacity 114238K, committed 115456K, reserved 1150976K
  class space    used 13333K, capacity 14085K, committed 14336K, reserved 1048576K
}
Event: 11021.848 GC heap before
{Heap before GC invocations=158 (full 0):
 garbage-first heap   total 332800K, used 154649K [0x0000000080000000, 0x0000000100000000)
  region size 1024K, 23 young (23552K), 2 survivors (2048K)
 Metaspace       used 112033K, capacity 114329K, committed 115456K, reserved 1150976K
  class space    used 13337K, capacity 14092K, committed 14336K, reserved 1048576K
}
Event: 11021.890 GC heap after
{Heap after GC invocations=159 (full 0):
 garbage-first heap   total 332800K, used 135377K [0x0000000080000000, 0x0000000100000000)
  region size 1024K, 2 young (2048K), 2 survivors (2048K)
 Metaspace       used 112033K, capacity 114329K, committed 115456K, reserved 1150976K
  class space    used 13337K, capacity 14092K, committed 14336K, reserved 1048576K
}
Event: 11022.828 GC heap before
{Heap before GC invocations=160 (full 0):
 garbage-first heap   total 332800K, used 155857K [0x0000000080000000, 0x0000000100000000)
  region size 1024K, 27 young (27648K), 2 survivors (2048K)
 Metaspace       used 112041K, capacity 114329K, committed 115456K, reserved 1150976K
  class space    used 13337K, capacity 14092K, committed 14336K, reserved 1048576K
}
Event: 11022.870 GC heap after
{Heap after GC invocations=161 (full 0):
 garbage-first heap   total 332800K, used 134528K [0x0000000080000000, 0x0000000100000000)
  region size 1024K, 4 young (4096K), 4 survivors (4096K)
 Metaspace       used 112041K, capacity 114329K, committed 115456K, reserved 1150976K
  class space    used 13337K, capacity 14092K, committed 14336K, reserved 1048576K
}
Event: 11023.520 GC heap before
{Heap before GC invocations=161 (full 0):
 garbage-first heap   total 332800K, used 145792K [0x0000000080000000, 0x0000000100000000)
  region size 1024K, 16 young (16384K), 4 survivors (4096K)
 Metaspace       used 112090K, capacity 114394K, committed 115456K, reserved 1150976K
  class space    used 13337K, capacity 14092K, committed 14336K, reserved 1048576K
}
Event: 11023.686 GC heap after
{Heap after GC invocations=162 (full 0):
 garbage-first heap   total 332800K, used 119112K [0x0000000080000000, 0x0000000100000000)
  region size 1024K, 2 young (2048K), 2 survivors (2048K)
 Metaspace       used 112090K, capacity 114394K, committed 115456K, reserved 1150976K
  class space    used 13337K, capacity 14092K, committed 14336K, reserved 1048576K
}
Event: 11024.214 GC heap before
{Heap before GC invocations=162 (full 0):
 garbage-first heap   total 332800K, used 132424K [0x0000000080000000, 0x0000000100000000)
  region size 1024K, 16 young (16384K), 2 survivors (2048K)
 Metaspace       used 112097K, capacity 114400K, committed 115456K, reserved 1150976K
  class space    used 13338K, capacity 14093K, committed 14336K, reserved 1048576K
}
Event: 11024.261 GC heap after
{Heap after GC invocations=163 (full 0):
 garbage-first heap   total 332800K, used 116057K [0x0000000080000000, 0x0000000100000000)
  region size 1024K, 2 young (2048K), 2 survivors (2048K)
 Metaspace       used 112097K, capacity 114400K, committed 115456K, reserved 1150976K
  class space    used 13338K, capacity 14093K, committed 14336K, reserved 1048576K
}
Event: 11025.374 GC heap before
{Heap before GC invocations=163 (full 0):
 garbage-first heap   total 332800K, used 122201K [0x0000000080000000, 0x0000000100000000)
  region size 1024K, 10 young (10240K), 2 survivors (2048K)
 Metaspace       used 112105K, capacity 114401K, committed 115456K, reserved 1150976K
  class space    used 13338K, capacity 14093K, committed 14336K, reserved 1048576K
}
Event: 11025.389 GC heap after
{Heap after GC invocations=164 (full 0):
 garbage-first heap   total 332800K, used 117760K [0x0000000080000000, 0x0000000100000000)
  region size 1024K, 3 young (3072K), 3 survivors (3072K)
 Metaspace       used 112105K, capacity 114401K, committed 115456K, reserved 1150976K
  class space    used 13338K, capacity 14093K, committed 14336K, reserved 1048576K
}
Event: 11026.127 GC heap before
{Heap before GC invocations=165 (full 0):
 garbage-first heap   total 332800K, used 155648K [0x0000000080000000, 0x0000000100000000)
  region size 1024K, 39 young (39936K), 3 survivors (3072K)
 Metaspace       used 112111K, capacity 114402K, committed 115456K, reserved 1150976K
  class space    used 13338K, capacity 14093K, committed 14336K, reserved 1048576K
}
Event: 11026.233 GC heap after
{Heap after GC invocations=166 (full 0):
 garbage-first heap   total 332800K, used 129963K [0x0000000080000000, 0x0000000100000000)
  region size 1024K, 5 young (5120K), 5 survivors (5120K)
 Metaspace       used 112111K, capacity 114402K, committed 115456K, reserved 1150976K
  class space    used 13338K, capacity 14093K, committed 14336K, reserved 1048576K
}
Event: 11026.325 GC heap before
{Heap before GC invocations=166 (full 0):
 garbage-first heap   total 332800K, used 141227K [0x0000000080000000, 0x0000000100000000)
  region size 1024K, 16 young (16384K), 5 survivors (5120K)
 Metaspace       used 112114K, capacity 114402K, committed 115456K, reserved 1150976K
  class space    used 13338K, capacity 14093K, committed 14336K, reserved 1048576K
}
Event: 11026.404 GC heap after
{Heap after GC invocations=167 (full 0):
 garbage-first heap   total 332800K, used 129024K [0x0000000080000000, 0x0000000100000000)
  region size 1024K, 2 young (2048K), 2 survivors (2048K)
 Metaspace       used 112114K, capacity 114402K, committed 115456K, reserved 1150976K
  class space    used 13338K, capacity 14093K, committed 14336K, reserved 1048576K
}
Event: 11027.443 GC heap before
{Heap before GC invocations=167 (full 0):
 garbage-first heap   total 332800K, used 168960K [0x0000000080000000, 0x0000000100000000)
  region size 1024K, 42 young (43008K), 2 survivors (2048K)
 Metaspace       used 112117K, capacity 114402K, committed 115456K, reserved 1150976K
  class space    used 13338K, capacity 14093K, committed 14336K, reserved 1048576K
}
Event: 11027.635 GC heap after
{Heap after GC invocations=168 (full 0):
 garbage-first heap   total 332800K, used 151552K [0x0000000080000000, 0x0000000100000000)
  region size 1024K, 6 young (6144K), 6 survivors (6144K)
 Metaspace       used 112117K, capacity 114402K, committed 115456K, reserved 1150976K
  class space    used 13338K, capacity 14093K, committed 14336K, reserved 1048576K
}
Event: 11029.332 GC heap before
{Heap before GC invocations=169 (full 0):
 garbage-first heap   total 332800K, used 163840K [0x0000000080000000, 0x0000000100000000)
  region size 1024K, 20 young (20480K), 6 survivors (6144K)
 Metaspace       used 112121K, capacity 114402K, committed 115456K, reserved 1150976K
  class space    used 13338K, capacity 14093K, committed 14336K, reserved 1048576K
}

