# JRE version: OpenJDK Runtime Environment (11.0.8+10) (build 11.0.8+10-b944.6842174)
# Java VM: OpenJDK 64-Bit Server VM (11.0.8+10-b944.6842174, mixed mode, tiered, compressed oops, g1 gc, windows-amd64)
Heap:
 garbage-first heap   total 275456K, used 123311K [0x0000000080000000, 0x0000000100000000)
  region size 1024K, 19 young (19456K), 1 survivors (1024K)
 Metaspace       used 84364K, capacity 86343K, committed 86528K, reserved 1124352K
  class space    used 10595K, capacity 11240K, committed 11264K, reserved 1048576K
GC Heap History (20 events):
Event: 54.575 GC heap before
{Heap before GC invocations=38 (full 0):
 garbage-first heap   total 204800K, used 130048K [0x0000000080000000, 0x0000000100000000)
  region size 1024K, 5 young (5120K), 4 survivors (4096K)
 Metaspace       used 76138K, capacity 77753K, committed 77952K, reserved 1116160K
  class space    used 9697K, capacity 10245K, committed 10368K, reserved 1048576K
}
Event: 54.599 GC heap after
{Heap after GC invocations=39 (full 0):
 garbage-first heap   total 204800K, used 131066K [0x0000000080000000, 0x0000000100000000)
  region size 1024K, 1 young (1024K), 1 survivors (1024K)
 Metaspace       used 76138K, capacity 77753K, committed 77952K, reserved 1116160K
  class space    used 9697K, capacity 10245K, committed 10368K, reserved 1048576K
}
Event: 55.640 GC heap before
{Heap before GC invocations=40 (full 0):
 garbage-first heap   total 204800K, used 132090K [0x0000000080000000, 0x0000000100000000)
  region size 1024K, 2 young (2048K), 1 survivors (1024K)
 Metaspace       used 76140K, capacity 77756K, committed 77952K, reserved 1116160K
  class space    used 9697K, capacity 10245K, committed 10368K, reserved 1048576K
}
Event: 55.647 GC heap after
{Heap after GC invocations=41 (full 0):
 garbage-first heap   total 204800K, used 131615K [0x0000000080000000, 0x0000000100000000)
  region size 1024K, 1 young (1024K), 1 survivors (1024K)
 Metaspace       used 76140K, capacity 77756K, committed 77952K, reserved 1116160K
  class space    used 9697K, capacity 10245K, committed 10368K, reserved 1048576K
}
Event: 58.255 GC heap before
{Heap before GC invocations=42 (full 0):
 garbage-first heap   total 204800K, used 160287K [0x0000000080000000, 0x0000000100000000)
  region size 1024K, 22 young (22528K), 1 survivors (1024K)
 Metaspace       used 76648K, capacity 78377K, committed 78464K, reserved 1118208K
  class space    used 9750K, capacity 10323K, committed 10368K, reserved 1048576K
}
Event: 58.278 GC heap after
{Heap after GC invocations=43 (full 0):
 garbage-first heap   total 204800K, used 145408K [0x0000000080000000, 0x0000000100000000)
  region size 1024K, 3 young (3072K), 3 survivors (3072K)
 Metaspace       used 76648K, capacity 78377K, committed 78464K, reserved 1118208K
  class space    used 9750K, capacity 10323K, committed 10368K, reserved 1048576K
}
Event: 58.344 GC heap before
{Heap before GC invocations=43 (full 0):
 garbage-first heap   total 204800K, used 152576K [0x0000000080000000, 0x0000000100000000)
  region size 1024K, 10 young (10240K), 3 survivors (3072K)
 Metaspace       used 76683K, capacity 78382K, committed 78464K, reserved 1118208K
  class space    used 9751K, capacity 10324K, committed 10368K, reserved 1048576K
}
Event: 58.368 GC heap after
{Heap after GC invocations=44 (full 0):
 garbage-first heap   total 275456K, used 144380K [0x0000000080000000, 0x0000000100000000)
  region size 1024K, 2 young (2048K), 2 survivors (2048K)
 Metaspace       used 76683K, capacity 78382K, committed 78464K, reserved 1118208K
  class space    used 9751K, capacity 10324K, committed 10368K, reserved 1048576K
}
Event: 58.463 GC heap before
{Heap before GC invocations=44 (full 0):
 garbage-first heap   total 275456K, used 160764K [0x0000000080000000, 0x0000000100000000)
  region size 1024K, 19 young (19456K), 2 survivors (2048K)
 Metaspace       used 76683K, capacity 78382K, committed 78464K, reserved 1118208K
  class space    used 9751K, capacity 10324K, committed 10368K, reserved 1048576K
}
Event: 58.484 GC heap after
{Heap after GC invocations=45 (full 0):
 garbage-first heap   total 275456K, used 147034K [0x0000000080000000, 0x0000000100000000)
  region size 1024K, 4 young (4096K), 4 survivors (4096K)
 Metaspace       used 76683K, capacity 78382K, committed 78464K, reserved 1118208K
  class space    used 9751K, capacity 10324K, committed 10368K, reserved 1048576K
}
Event: 59.672 GC heap before
{Heap before GC invocations=46 (full 0):
 garbage-first heap   total 275456K, used 151130K [0x0000000080000000, 0x0000000100000000)
  region size 1024K, 11 young (11264K), 4 survivors (4096K)
 Metaspace       used 76688K, capacity 78386K, committed 78464K, reserved 1118208K
  class space    used 9752K, capacity 10325K, committed 10368K, reserved 1048576K
}
Event: 59.689 GC heap after
{Heap after GC invocations=47 (full 0):
 garbage-first heap   total 275456K, used 145848K [0x0000000080000000, 0x0000000100000000)
  region size 1024K, 4 young (4096K), 4 survivors (4096K)
 Metaspace       used 76688K, capacity 78386K, committed 78464K, reserved 1118208K
  class space    used 9752K, capacity 10325K, committed 10368K, reserved 1048576K
}
Event: 63.520 GC heap before
{Heap before GC invocations=48 (full 0):
 garbage-first heap   total 275456K, used 195000K [0x0000000080000000, 0x0000000100000000)
  region size 1024K, 47 young (48128K), 4 survivors (4096K)
 Metaspace       used 77496K, capacity 79135K, committed 79360K, reserved 1118208K
  class space    used 9853K, capacity 10435K, committed 10496K, reserved 1048576K
}
Event: 63.537 GC heap after
{Heap after GC invocations=49 (full 0):
 garbage-first heap   total 275456K, used 143160K [0x0000000080000000, 0x0000000100000000)
  region size 1024K, 2 young (2048K), 2 survivors (2048K)
 Metaspace       used 77496K, capacity 79135K, committed 79360K, reserved 1118208K
  class space    used 9853K, capacity 10435K, committed 10496K, reserved 1048576K
}
Event: 64.575 GC heap before
{Heap before GC invocations=49 (full 0):
 garbage-first heap   total 275456K, used 159544K [0x0000000080000000, 0x0000000100000000)
  region size 1024K, 20 young (20480K), 2 survivors (2048K)
 Metaspace       used 78542K, capacity 80287K, committed 80512K, reserved 1120256K
  class space    used 9977K, capacity 10565K, committed 10624K, reserved 1048576K
}
Event: 64.592 GC heap after
{Heap after GC invocations=50 (full 0):
 garbage-first heap   total 275456K, used 144951K [0x0000000080000000, 0x0000000100000000)
  region size 1024K, 4 young (4096K), 4 survivors (4096K)
 Metaspace       used 78542K, capacity 80287K, committed 80512K, reserved 1120256K
  class space    used 9977K, capacity 10565K, committed 10624K, reserved 1048576K
}
Event: 68.646 GC heap before
{Heap before GC invocations=51 (full 0):
 garbage-first heap   total 275456K, used 211511K [0x0000000080000000, 0x0000000100000000)
  region size 1024K, 55 young (56320K), 4 survivors (4096K)
 Metaspace       used 80729K, capacity 82672K, committed 82944K, reserved 1122304K
  class space    used 10321K, capacity 10959K, committed 11008K, reserved 1048576K
}
Event: 68.674 GC heap after
{Heap after GC invocations=52 (full 0):
 garbage-first heap   total 275456K, used 123033K [0x0000000080000000, 0x0000000100000000)
  region size 1024K, 3 young (3072K), 3 survivors (3072K)
 Metaspace       used 80729K, capacity 82672K, committed 82944K, reserved 1122304K
  class space    used 10321K, capacity 10959K, committed 11008K, reserved 1048576K
}
Event: 69.482 GC heap before
{Heap before GC invocations=52 (full 0):
 garbage-first heap   total 275456K, used 132249K [0x0000000080000000, 0x0000000100000000)
  region size 1024K, 13 young (13312K), 3 survivors (3072K)
 Metaspace       used 82485K, capacity 84440K, committed 84608K, reserved 1122304K
  class space    used 10486K, capacity 11104K, committed 11136K, reserved 1048576K
}
Event: 69.541 GC heap after
{Heap after GC invocations=53 (full 0):
 garbage-first heap   total 275456K, used 105903K [0x0000000080000000, 0x0000000100000000)
  region size 1024K, 1 young (1024K), 1 survivors (1024K)
 Metaspace       used 82485K, capacity 84440K, committed 84608K, reserved 1122304K
  class space    used 10486K, capacity 11104K, committed 11136K, reserved 1048576K
}

