# JRE version: OpenJDK Runtime Environment (11.0.8+10) (build 11.0.8+10-b944.6842174)
# Java VM: OpenJDK 64-Bit Server VM (11.0.8+10-b944.6842174, mixed mode, tiered, compressed oops, g1 gc, windows-amd64)
Heap:
 garbage-first heap   total 372736K, used 179260K [0x0000000080000000, 0x0000000100000000)
  region size 1024K, 54 young (55296K), 4 survivors (4096K)
 Metaspace       used 110923K, capacity 114095K, committed 114304K, reserved 1148928K
  class space    used 13110K, capacity 14179K, committed 14208K, reserved 1048576K
GC Heap History (20 events):
Event: 3357.784 GC heap before
{Heap before GC invocations=299 (full 0):
 garbage-first heap   total 372736K, used 152189K [0x0000000080000000, 0x0000000100000000)
  region size 1024K, 41 young (41984K), 2 survivors (2048K)
 Metaspace       used 110549K, capacity 113803K, committed 114048K, reserved 1148928K
  class space    used 13104K, capacity 14193K, committed 14208K, reserved 1048576K
}
Event: 3357.808 GC heap after
{Heap after GC invocations=300 (full 0):
 garbage-first heap   total 372736K, used 114471K [0x0000000080000000, 0x0000000100000000)
  region size 1024K, 2 young (2048K), 2 survivors (2048K)
 Metaspace       used 110549K, capacity 113803K, committed 114048K, reserved 1148928K
  class space    used 13104K, capacity 14193K, committed 14208K, reserved 1048576K
}
Event: 3364.151 GC heap before
{Heap before GC invocations=301 (full 0):
 garbage-first heap   total 372736K, used 240423K [0x0000000080000000, 0x0000000100000000)
  region size 1024K, 125 young (128000K), 2 survivors (2048K)
 Metaspace       used 110833K, capacity 114093K, committed 114304K, reserved 1148928K
  class space    used 13109K, capacity 14179K, committed 14208K, reserved 1048576K
}
Event: 3364.237 GC heap after
{Heap after GC invocations=302 (full 0):
 garbage-first heap   total 372736K, used 123591K [0x0000000080000000, 0x0000000100000000)
  region size 1024K, 16 young (16384K), 16 survivors (16384K)
 Metaspace       used 110833K, capacity 114093K, committed 114304K, reserved 1148928K
  class space    used 13109K, capacity 14179K, committed 14208K, reserved 1048576K
}
Event: 3364.253 GC heap before
{Heap before GC invocations=302 (full 0):
 garbage-first heap   total 372736K, used 125639K [0x0000000080000000, 0x0000000100000000)
  region size 1024K, 18 young (18432K), 16 survivors (16384K)
 Metaspace       used 110838K, capacity 114094K, committed 114304K, reserved 1148928K
  class space    used 13109K, capacity 14179K, committed 14208K, reserved 1048576K
}
Event: 3364.326 GC heap after
{Heap after GC invocations=303 (full 0):
 garbage-first heap   total 372736K, used 116936K [0x0000000080000000, 0x0000000100000000)
  region size 1024K, 2 young (2048K), 2 survivors (2048K)
 Metaspace       used 110838K, capacity 114094K, committed 114304K, reserved 1148928K
  class space    used 13109K, capacity 14179K, committed 14208K, reserved 1048576K
}
Event: 3366.158 GC heap before
{Heap before GC invocations=303 (full 0):
 garbage-first heap   total 372736K, used 189640K [0x0000000080000000, 0x0000000100000000)
  region size 1024K, 75 young (76800K), 2 survivors (2048K)
 Metaspace       used 110846K, capacity 114094K, committed 114304K, reserved 1148928K
  class space    used 13110K, capacity 14179K, committed 14208K, reserved 1048576K
}
Event: 3366.419 GC heap after
{Heap after GC invocations=304 (full 0):
 garbage-first heap   total 372736K, used 157696K [0x0000000080000000, 0x0000000100000000)
  region size 1024K, 16 young (16384K), 16 survivors (16384K)
 Metaspace       used 110846K, capacity 114094K, committed 114304K, reserved 1148928K
  class space    used 13110K, capacity 14179K, committed 14208K, reserved 1048576K
}
Event: 3367.400 GC heap before
{Heap before GC invocations=305 (full 0):
 garbage-first heap   total 372736K, used 159744K [0x0000000080000000, 0x0000000100000000)
  region size 1024K, 18 young (18432K), 16 survivors (16384K)
 Metaspace       used 110846K, capacity 114094K, committed 114304K, reserved 1148928K
  class space    used 13110K, capacity 14179K, committed 14208K, reserved 1048576K
}
Event: 3367.544 GC heap after
{Heap after GC invocations=306 (full 0):
 garbage-first heap   total 372736K, used 157696K [0x0000000080000000, 0x0000000100000000)
  region size 1024K, 1 young (1024K), 1 survivors (1024K)
 Metaspace       used 110846K, capacity 114094K, committed 114304K, reserved 1148928K
  class space    used 13110K, capacity 14179K, committed 14208K, reserved 1048576K
}
Event: 3368.422 GC heap before
{Heap before GC invocations=306 (full 0):
 garbage-first heap   total 372736K, used 179200K [0x0000000080000000, 0x0000000100000000)
  region size 1024K, 18 young (18432K), 1 survivors (1024K)
 Metaspace       used 110846K, capacity 114094K, committed 114304K, reserved 1148928K
  class space    used 13110K, capacity 14179K, committed 14208K, reserved 1048576K
}
Event: 3368.468 GC heap after
{Heap after GC invocations=307 (full 0):
 garbage-first heap   total 372736K, used 162560K [0x0000000080000000, 0x0000000100000000)
  region size 1024K, 3 young (3072K), 3 survivors (3072K)
 Metaspace       used 110846K, capacity 114094K, committed 114304K, reserved 1148928K
  class space    used 13110K, capacity 14179K, committed 14208K, reserved 1048576K
}
Event: 3368.641 GC heap before
{Heap before GC invocations=307 (full 0):
 garbage-first heap   total 372736K, used 187136K [0x0000000080000000, 0x0000000100000000)
  region size 1024K, 28 young (28672K), 3 survivors (3072K)
 Metaspace       used 110846K, capacity 114094K, committed 114304K, reserved 1148928K
  class space    used 13110K, capacity 14179K, committed 14208K, reserved 1048576K
}
Event: 3368.670 GC heap after
{Heap after GC invocations=308 (full 0):
 garbage-first heap   total 372736K, used 166874K [0x0000000080000000, 0x0000000100000000)
  region size 1024K, 5 young (5120K), 5 survivors (5120K)
 Metaspace       used 110846K, capacity 114094K, committed 114304K, reserved 1148928K
  class space    used 13110K, capacity 14179K, committed 14208K, reserved 1048576K
}
Event: 3371.181 GC heap before
{Heap before GC invocations=309 (full 0):
 garbage-first heap   total 372736K, used 208858K [0x0000000080000000, 0x0000000100000000)
  region size 1024K, 42 young (43008K), 5 survivors (5120K)
 Metaspace       used 110855K, capacity 114094K, committed 114304K, reserved 1148928K
  class space    used 13110K, capacity 14179K, committed 14208K, reserved 1048576K
}
Event: 3371.209 GC heap after
{Heap after GC invocations=310 (full 0):
 garbage-first heap   total 372736K, used 163056K [0x0000000080000000, 0x0000000100000000)
  region size 1024K, 4 young (4096K), 4 survivors (4096K)
 Metaspace       used 110855K, capacity 114094K, committed 114304K, reserved 1148928K
  class space    used 13110K, capacity 14179K, committed 14208K, reserved 1048576K
}
Event: 3371.475 GC heap before
{Heap before GC invocations=310 (full 0):
 garbage-first heap   total 372736K, used 193776K [0x0000000080000000, 0x0000000100000000)
  region size 1024K, 19 young (19456K), 4 survivors (4096K)
 Metaspace       used 110856K, capacity 114094K, committed 114304K, reserved 1148928K
  class space    used 13110K, capacity 14179K, committed 14208K, reserved 1048576K
}
Event: 3371.503 GC heap after
{Heap after GC invocations=311 (full 0):
 garbage-first heap   total 372736K, used 164654K [0x0000000080000000, 0x0000000100000000)
  region size 1024K, 3 young (3072K), 3 survivors (3072K)
 Metaspace       used 110856K, capacity 114094K, committed 114304K, reserved 1148928K
  class space    used 13110K, capacity 14179K, committed 14208K, reserved 1048576K
}
Event: 3371.509 GC heap before
{Heap before GC invocations=311 (full 0):
 garbage-first heap   total 372736K, used 164654K [0x0000000080000000, 0x0000000100000000)
  region size 1024K, 4 young (4096K), 3 survivors (3072K)
 Metaspace       used 110856K, capacity 114094K, committed 114304K, reserved 1148928K
  class space    used 13110K, capacity 14179K, committed 14208K, reserved 1048576K
}
Event: 3371.524 GC heap after
{Heap after GC invocations=312 (full 0):
 garbage-first heap   total 372736K, used 164924K [0x0000000080000000, 0x0000000100000000)
  region size 1024K, 4 young (4096K), 4 survivors (4096K)
 Metaspace       used 110856K, capacity 114094K, committed 114304K, reserved 1148928K
  class space    used 13110K, capacity 14179K, committed 14208K, reserved 1048576K
}

