# JRE version: OpenJDK Runtime Environment (11.0.8+10) (build 11.0.8+10-b944.6842174)
# Java VM: OpenJDK 64-Bit Server VM (11.0.8+10-b944.6842174, mixed mode, tiered, compressed oops, g1 gc, windows-amd64)
Heap:
 garbage-first heap   total 348160K, used 136772K [0x0000000080000000, 0x0000000100000000)
  region size 1024K, 12 young (12288K), 7 survivors (7168K)
 Metaspace       used 104751K, capacity 107130K, committed 108416K, reserved 1144832K
  class space    used 12575K, capacity 13377K, committed 13696K, reserved 1048576K
GC Heap History (20 events):
Event: 1922.919 GC heap before
{Heap before GC invocations=93 (full 0):
 garbage-first heap   total 348160K, used 136909K [0x0000000080000000, 0x0000000100000000)
  region size 1024K, 45 young (46080K), 1 survivors (1024K)
 Metaspace       used 102300K, capacity 104814K, committed 104960K, reserved 1140736K
  class space    used 12452K, capacity 13300K, committed 13312K, reserved 1048576K
}
Event: 1922.987 GC heap after
{Heap after GC invocations=94 (full 0):
 garbage-first heap   total 348160K, used 102240K [0x0000000080000000, 0x0000000100000000)
  region size 1024K, 10 young (10240K), 10 survivors (10240K)
 Metaspace       used 102300K, capacity 104814K, committed 104960K, reserved 1140736K
  class space    used 12452K, capacity 13300K, committed 13312K, reserved 1048576K
}
Event: 1928.866 GC heap before
{Heap before GC invocations=95 (full 0):
 garbage-first heap   total 348160K, used 155488K [0x0000000080000000, 0x0000000100000000)
  region size 1024K, 60 young (61440K), 10 survivors (10240K)
 Metaspace       used 102610K, capacity 105089K, committed 105216K, reserved 1140736K
  class space    used 12466K, capacity 13304K, committed 13312K, reserved 1048576K
}
Event: 1928.990 GC heap after
{Heap after GC invocations=96 (full 0):
 garbage-first heap   total 348160K, used 114678K [0x0000000080000000, 0x0000000100000000)
  region size 1024K, 12 young (12288K), 12 survivors (12288K)
 Metaspace       used 102610K, capacity 105089K, committed 105216K, reserved 1140736K
  class space    used 12466K, capacity 13304K, committed 13312K, reserved 1048576K
}
Event: 1929.640 GC heap before
{Heap before GC invocations=97 (full 0):
 garbage-first heap   total 348160K, used 120822K [0x0000000080000000, 0x0000000100000000)
  region size 1024K, 13 young (13312K), 12 survivors (12288K)
 Metaspace       used 102863K, capacity 105403K, committed 105600K, reserved 1140736K
  class space    used 12492K, capacity 13345K, committed 13440K, reserved 1048576K
}
Event: 1929.691 GC heap after
{Heap after GC invocations=98 (full 0):
 garbage-first heap   total 348160K, used 116736K [0x0000000080000000, 0x0000000100000000)
  region size 1024K, 1 young (1024K), 1 survivors (1024K)
 Metaspace       used 102863K, capacity 105403K, committed 105600K, reserved 1140736K
  class space    used 12492K, capacity 13345K, committed 13440K, reserved 1048576K
}
Event: 1940.698 GC heap before
{Heap before GC invocations=99 (full 0):
 garbage-first heap   total 348160K, used 152576K [0x0000000080000000, 0x0000000100000000)
  region size 1024K, 35 young (35840K), 1 survivors (1024K)
 Metaspace       used 105117K, capacity 107754K, committed 107904K, reserved 1142784K
  class space    used 12710K, capacity 13571K, committed 13696K, reserved 1048576K
}
Event: 1940.742 GC heap after
{Heap after GC invocations=100 (full 0):
 garbage-first heap   total 348160K, used 119580K [0x0000000080000000, 0x0000000100000000)
  region size 1024K, 5 young (5120K), 5 survivors (5120K)
 Metaspace       used 105117K, capacity 107754K, committed 107904K, reserved 1142784K
  class space    used 12710K, capacity 13571K, committed 13696K, reserved 1048576K
}
Event: 2063.716 GC heap before
{Heap before GC invocations=101 (full 0):
 garbage-first heap   total 348160K, used 172828K [0x0000000080000000, 0x0000000100000000)
  region size 1024K, 58 young (59392K), 5 survivors (5120K)
 Metaspace       used 105247K, capacity 107815K, committed 108160K, reserved 1144832K
  class space    used 12698K, capacity 13549K, committed 13696K, reserved 1048576K
}
Event: 2063.777 GC heap after
{Heap after GC invocations=102 (full 0):
 garbage-first heap   total 348160K, used 118978K [0x0000000080000000, 0x0000000100000000)
  region size 1024K, 4 young (4096K), 4 survivors (4096K)
 Metaspace       used 105247K, capacity 107815K, committed 108160K, reserved 1144832K
  class space    used 12698K, capacity 13549K, committed 13696K, reserved 1048576K
}
Event: 2064.676 GC heap before
{Heap before GC invocations=102 (full 0):
 garbage-first heap   total 348160K, used 132290K [0x0000000080000000, 0x0000000100000000)
  region size 1024K, 17 young (17408K), 4 survivors (4096K)
 Metaspace       used 105250K, capacity 107815K, committed 108160K, reserved 1144832K
  class space    used 12698K, capacity 13549K, committed 13696K, reserved 1048576K
}
Event: 2064.710 GC heap after
{Heap after GC invocations=103 (full 0):
 garbage-first heap   total 348160K, used 109542K [0x0000000080000000, 0x0000000100000000)
  region size 1024K, 1 young (1024K), 1 survivors (1024K)
 Metaspace       used 105250K, capacity 107815K, committed 108160K, reserved 1144832K
  class space    used 12698K, capacity 13549K, committed 13696K, reserved 1048576K
}
Event: 2065.958 GC heap before
{Heap before GC invocations=103 (full 0):
 garbage-first heap   total 348160K, used 142310K [0x0000000080000000, 0x0000000100000000)
  region size 1024K, 35 young (35840K), 1 survivors (1024K)
 Metaspace       used 105250K, capacity 107815K, committed 108160K, reserved 1144832K
  class space    used 12698K, capacity 13549K, committed 13696K, reserved 1048576K
}
Event: 2065.999 GC heap after
{Heap after GC invocations=104 (full 0):
 garbage-first heap   total 348160K, used 117588K [0x0000000080000000, 0x0000000100000000)
  region size 1024K, 9 young (9216K), 9 survivors (9216K)
 Metaspace       used 105250K, capacity 107815K, committed 108160K, reserved 1144832K
  class space    used 12698K, capacity 13549K, committed 13696K, reserved 1048576K
}
Event: 2070.535 GC heap before
{Heap before GC invocations=105 (full 0):
 garbage-first heap   total 348160K, used 176980K [0x0000000080000000, 0x0000000100000000)
  region size 1024K, 64 young (65536K), 9 survivors (9216K)
 Metaspace       used 105297K, capacity 107819K, committed 108160K, reserved 1144832K
  class space    used 12680K, capacity 13512K, committed 13696K, reserved 1048576K
}
Event: 2070.640 GC heap after
{Heap after GC invocations=106 (full 0):
 garbage-first heap   total 348160K, used 122272K [0x0000000080000000, 0x0000000100000000)
  region size 1024K, 8 young (8192K), 8 survivors (8192K)
 Metaspace       used 105297K, capacity 107819K, committed 108160K, reserved 1144832K
  class space    used 12680K, capacity 13512K, committed 13696K, reserved 1048576K
}
Event: 2071.518 GC heap before
{Heap before GC invocations=106 (full 0):
 garbage-first heap   total 348160K, used 130464K [0x0000000080000000, 0x0000000100000000)
  region size 1024K, 17 young (17408K), 8 survivors (8192K)
 Metaspace       used 105314K, capacity 107883K, committed 108416K, reserved 1144832K
  class space    used 12680K, capacity 13512K, committed 13696K, reserved 1048576K
}
Event: 2071.629 GC heap after
{Heap after GC invocations=107 (full 0):
 garbage-first heap   total 348160K, used 112196K [0x0000000080000000, 0x0000000100000000)
  region size 1024K, 2 young (2048K), 2 survivors (2048K)
 Metaspace       used 105314K, capacity 107883K, committed 108416K, reserved 1144832K
  class space    used 12680K, capacity 13512K, committed 13696K, reserved 1048576K
}
Event: 2074.249 GC heap before
{Heap before GC invocations=107 (full 0):
 garbage-first heap   total 348160K, used 132676K [0x0000000080000000, 0x0000000100000000)
  region size 1024K, 23 young (23552K), 2 survivors (2048K)
 Metaspace       used 105337K, capacity 107884K, committed 108416K, reserved 1144832K
  class space    used 12680K, capacity 13512K, committed 13696K, reserved 1048576K
}
Event: 2074.304 GC heap after
{Heap after GC invocations=108 (full 0):
 garbage-first heap   total 348160K, used 117316K [0x0000000080000000, 0x0000000100000000)
  region size 1024K, 7 young (7168K), 7 survivors (7168K)
 Metaspace       used 105337K, capacity 107884K, committed 108416K, reserved 1144832K
  class space    used 12680K, capacity 13512K, committed 13696K, reserved 1048576K
}

