# JRE version: OpenJDK Runtime Environment (11.0.8+10) (build 11.0.8+10-b944.6842174)
# Java VM: OpenJDK 64-Bit Server VM (11.0.8+10-b944.6842174, mixed mode, tiered, compressed oops, g1 gc, windows-amd64)
Heap:
 garbage-first heap   total 244736K, used 171821K [0x0000000080000000, 0x0000000100000000)
  region size 1024K, 7 young (7168K), 6 survivors (6144K)
 Metaspace       used 94408K, capacity 96453K, committed 96768K, reserved 1134592K
  class space    used 11677K, capacity 12428K, committed 12544K, reserved 1048576K
GC Heap History (20 events):
Event: 104.560 GC heap before
{Heap before GC invocations=71 (full 0):
 garbage-first heap   total 203776K, used 148869K [0x0000000080000000, 0x0000000100000000)
  region size 1024K, 25 young (25600K), 2 survivors (2048K)
 Metaspace       used 83976K, capacity 85775K, committed 85888K, reserved 1124352K
  class space    used 10404K, capacity 11037K, committed 11136K, reserved 1048576K
}
Event: 104.608 GC heap after
{Heap after GC invocations=72 (full 0):
 garbage-first heap   total 203776K, used 126120K [0x0000000080000000, 0x0000000100000000)
  region size 1024K, 3 young (3072K), 3 survivors (3072K)
 Metaspace       used 83976K, capacity 85775K, committed 85888K, reserved 1124352K
  class space    used 10404K, capacity 11037K, committed 11136K, reserved 1048576K
}
Event: 105.984 GC heap before
{Heap before GC invocations=72 (full 0):
 garbage-first heap   total 203776K, used 132264K [0x0000000080000000, 0x0000000100000000)
  region size 1024K, 9 young (9216K), 3 survivors (3072K)
 Metaspace       used 84131K, capacity 85903K, committed 86144K, reserved 1124352K
  class space    used 10404K, capacity 11037K, committed 11136K, reserved 1048576K
}
Event: 106.033 GC heap after
{Heap after GC invocations=73 (full 0):
 garbage-first heap   total 203776K, used 124625K [0x0000000080000000, 0x0000000100000000)
  region size 1024K, 1 young (1024K), 1 survivors (1024K)
 Metaspace       used 84131K, capacity 85903K, committed 86144K, reserved 1124352K
  class space    used 10404K, capacity 11037K, committed 11136K, reserved 1048576K
}
Event: 113.503 GC heap before
{Heap before GC invocations=73 (full 0):
 garbage-first heap   total 203776K, used 150225K [0x0000000080000000, 0x0000000100000000)
  region size 1024K, 27 young (27648K), 1 survivors (1024K)
 Metaspace       used 84211K, capacity 85982K, committed 86144K, reserved 1124352K
  class space    used 10412K, capacity 11040K, committed 11136K, reserved 1048576K
}
Event: 113.531 GC heap after
{Heap after GC invocations=74 (full 0):
 garbage-first heap   total 203776K, used 125952K [0x0000000080000000, 0x0000000100000000)
  region size 1024K, 2 young (2048K), 2 survivors (2048K)
 Metaspace       used 84211K, capacity 85982K, committed 86144K, reserved 1124352K
  class space    used 10412K, capacity 11040K, committed 11136K, reserved 1048576K
}
Event: 115.063 GC heap before
{Heap before GC invocations=74 (full 0):
 garbage-first heap   total 203776K, used 153600K [0x0000000080000000, 0x0000000100000000)
  region size 1024K, 30 young (30720K), 2 survivors (2048K)
 Metaspace       used 84870K, capacity 86600K, committed 86656K, reserved 1124352K
  class space    used 10477K, capacity 11097K, committed 11136K, reserved 1048576K
}
Event: 115.094 GC heap after
{Heap after GC invocations=75 (full 0):
 garbage-first heap   total 203776K, used 127577K [0x0000000080000000, 0x0000000100000000)
  region size 1024K, 4 young (4096K), 4 survivors (4096K)
 Metaspace       used 84870K, capacity 86600K, committed 86656K, reserved 1124352K
  class space    used 10477K, capacity 11097K, committed 11136K, reserved 1048576K
}
Event: 115.523 GC heap before
{Heap before GC invocations=75 (full 0):
 garbage-first heap   total 203776K, used 157273K [0x0000000080000000, 0x0000000100000000)
  region size 1024K, 33 young (33792K), 4 survivors (4096K)
 Metaspace       used 84880K, capacity 86600K, committed 86656K, reserved 1124352K
  class space    used 10479K, capacity 11097K, committed 11136K, reserved 1048576K
}
Event: 115.551 GC heap after
{Heap after GC invocations=76 (full 0):
 garbage-first heap   total 203776K, used 127963K [0x0000000080000000, 0x0000000100000000)
  region size 1024K, 2 young (2048K), 2 survivors (2048K)
 Metaspace       used 84880K, capacity 86600K, committed 86656K, reserved 1124352K
  class space    used 10479K, capacity 11097K, committed 11136K, reserved 1048576K
}
Event: 116.069 GC heap before
{Heap before GC invocations=76 (full 0):
 garbage-first heap   total 203776K, used 160731K [0x0000000080000000, 0x0000000100000000)
  region size 1024K, 34 young (34816K), 2 survivors (2048K)
 Metaspace       used 84887K, capacity 86600K, committed 86656K, reserved 1124352K
  class space    used 10480K, capacity 11097K, committed 11136K, reserved 1048576K
}
Event: 116.085 GC heap after
{Heap after GC invocations=77 (full 0):
 garbage-first heap   total 203776K, used 128608K [0x0000000080000000, 0x0000000100000000)
  region size 1024K, 3 young (3072K), 3 survivors (3072K)
 Metaspace       used 84887K, capacity 86600K, committed 86656K, reserved 1124352K
  class space    used 10480K, capacity 11097K, committed 11136K, reserved 1048576K
}
Event: 118.094 GC heap before
{Heap before GC invocations=77 (full 0):
 garbage-first heap   total 203776K, used 164448K [0x0000000080000000, 0x0000000100000000)
  region size 1024K, 36 young (36864K), 3 survivors (3072K)
 Metaspace       used 85207K, capacity 86952K, committed 87296K, reserved 1126400K
  class space    used 10523K, capacity 11172K, committed 11264K, reserved 1048576K
}
Event: 118.117 GC heap after
{Heap after GC invocations=78 (full 0):
 garbage-first heap   total 203776K, used 133028K [0x0000000080000000, 0x0000000100000000)
  region size 1024K, 5 young (5120K), 5 survivors (5120K)
 Metaspace       used 85207K, capacity 86952K, committed 87296K, reserved 1126400K
  class space    used 10523K, capacity 11172K, committed 11264K, reserved 1048576K
}
Event: 120.602 GC heap before
{Heap before GC invocations=78 (full 0):
 garbage-first heap   total 203776K, used 164772K [0x0000000080000000, 0x0000000100000000)
  region size 1024K, 37 young (37888K), 5 survivors (5120K)
 Metaspace       used 90519K, capacity 92399K, committed 92544K, reserved 1130496K
  class space    used 11203K, capacity 11878K, committed 11904K, reserved 1048576K
}
Event: 120.649 GC heap after
{Heap after GC invocations=79 (full 0):
 garbage-first heap   total 203776K, used 138157K [0x0000000080000000, 0x0000000100000000)
  region size 1024K, 5 young (5120K), 5 survivors (5120K)
 Metaspace       used 90519K, capacity 92399K, committed 92544K, reserved 1130496K
  class space    used 11203K, capacity 11878K, committed 11904K, reserved 1048576K
}
Event: 123.470 GC heap before
{Heap before GC invocations=79 (full 0):
 garbage-first heap   total 203776K, used 167853K [0x0000000080000000, 0x0000000100000000)
  region size 1024K, 35 young (35840K), 5 survivors (5120K)
 Metaspace       used 92968K, capacity 94997K, committed 95232K, reserved 1132544K
  class space    used 11450K, capacity 12201K, committed 12288K, reserved 1048576K
}
Event: 123.504 GC heap after
{Heap after GC invocations=80 (full 0):
 garbage-first heap   total 244736K, used 140505K [0x0000000080000000, 0x0000000100000000)
  region size 1024K, 3 young (3072K), 3 survivors (3072K)
 Metaspace       used 92968K, capacity 94997K, committed 95232K, reserved 1132544K
  class space    used 11450K, capacity 12201K, committed 12288K, reserved 1048576K
}
Event: 131.243 GC heap before
{Heap before GC invocations=80 (full 0):
 garbage-first heap   total 244736K, used 198873K [0x0000000080000000, 0x0000000100000000)
  region size 1024K, 46 young (47104K), 3 survivors (3072K)
 Metaspace       used 93284K, capacity 95290K, committed 95488K, reserved 1132544K
  class space    used 11479K, capacity 12211K, committed 12288K, reserved 1048576K
}
Event: 131.284 GC heap after
{Heap after GC invocations=81 (full 0):
 garbage-first heap   total 244736K, used 153999K [0x0000000080000000, 0x0000000100000000)
  region size 1024K, 6 young (6144K), 6 survivors (6144K)
 Metaspace       used 93284K, capacity 95290K, committed 95488K, reserved 1132544K
  class space    used 11479K, capacity 12211K, committed 12288K, reserved 1048576K
}

