# JRE version: OpenJDK Runtime Environment (11.0.8+10) (build 11.0.8+10-b944.6842174)
# Java VM: OpenJDK 64-Bit Server VM (11.0.8+10-b944.6842174, mixed mode, tiered, compressed oops, g1 gc, windows-amd64)
Heap:
 garbage-first heap   total 518144K, used 155136K [0x0000000080000000, 0x0000000100000000)
  region size 1024K, 3 young (3072K), 3 survivors (3072K)
 Metaspace       used 103014K, capacity 105492K, committed 105728K, reserved 1142784K
  class space    used 12462K, capacity 13281K, committed 13312K, reserved 1048576K
GC Heap History (20 events):
Event: 567.723 GC heap after
{Heap after GC invocations=97 (full 0):
 garbage-first heap   total 306176K, used 127587K [0x0000000080000000, 0x0000000100000000)
  region size 1024K, 1 young (1024K), 1 survivors (1024K)
 Metaspace       used 102400K, capacity 104780K, committed 104960K, reserved 1140736K
  class space    used 12446K, capacity 13242K, committed 13312K, reserved 1048576K
}
Event: 567.830 GC heap before
{Heap before GC invocations=97 (full 0):
 garbage-first heap   total 306176K, used 142947K [0x0000000080000000, 0x0000000100000000)
  region size 1024K, 17 young (17408K), 1 survivors (1024K)
 Metaspace       used 102402K, capacity 104783K, committed 104960K, reserved 1140736K
  class space    used 12446K, capacity 13243K, committed 13312K, reserved 1048576K
}
Event: 567.857 GC heap after
{Heap after GC invocations=98 (full 0):
 garbage-first heap   total 367616K, used 128166K [0x0000000080000000, 0x0000000100000000)
  region size 1024K, 2 young (2048K), 2 survivors (2048K)
 Metaspace       used 102402K, capacity 104783K, committed 104960K, reserved 1140736K
  class space    used 12446K, capacity 13243K, committed 13312K, reserved 1048576K
}
Event: 570.870 GC heap before
{Heap before GC invocations=99 (full 0):
 garbage-first heap   total 367616K, used 161958K [0x0000000080000000, 0x0000000100000000)
  region size 1024K, 41 young (41984K), 2 survivors (2048K)
 Metaspace       used 102878K, capacity 105361K, committed 105472K, reserved 1140736K
  class space    used 12461K, capacity 13281K, committed 13312K, reserved 1048576K
}
Event: 570.917 GC heap after
{Heap after GC invocations=100 (full 0):
 garbage-first heap   total 367616K, used 129016K [0x0000000080000000, 0x0000000100000000)
  region size 1024K, 6 young (6144K), 6 survivors (6144K)
 Metaspace       used 102878K, capacity 105361K, committed 105472K, reserved 1140736K
  class space    used 12461K, capacity 13281K, committed 13312K, reserved 1048576K
}
Event: 571.390 GC heap before
{Heap before GC invocations=100 (full 0):
 garbage-first heap   total 367616K, used 139256K [0x0000000080000000, 0x0000000100000000)
  region size 1024K, 17 young (17408K), 6 survivors (6144K)
 Metaspace       used 102985K, capacity 105428K, committed 105472K, reserved 1140736K
  class space    used 12461K, capacity 13281K, committed 13312K, reserved 1048576K
}
Event: 571.425 GC heap after
{Heap after GC invocations=101 (full 0):
 garbage-first heap   total 367616K, used 129003K [0x0000000080000000, 0x0000000100000000)
  region size 1024K, 2 young (2048K), 2 survivors (2048K)
 Metaspace       used 102985K, capacity 105428K, committed 105472K, reserved 1140736K
  class space    used 12461K, capacity 13281K, committed 13312K, reserved 1048576K
}
Event: 573.586 GC heap before
{Heap before GC invocations=101 (full 0):
 garbage-first heap   total 367616K, used 147435K [0x0000000080000000, 0x0000000100000000)
  region size 1024K, 22 young (22528K), 2 survivors (2048K)
 Metaspace       used 103011K, capacity 105492K, committed 105728K, reserved 1142784K
  class space    used 12462K, capacity 13281K, committed 13312K, reserved 1048576K
}
Event: 573.599 GC heap after
{Heap after GC invocations=102 (full 0):
 garbage-first heap   total 367616K, used 127095K [0x0000000080000000, 0x0000000100000000)
  region size 1024K, 2 young (2048K), 2 survivors (2048K)
 Metaspace       used 103011K, capacity 105492K, committed 105728K, reserved 1142784K
  class space    used 12462K, capacity 13281K, committed 13312K, reserved 1048576K
}
Event: 574.383 GC heap before
{Heap before GC invocations=103 (full 0):
 garbage-first heap   total 367616K, used 144503K [0x0000000080000000, 0x0000000100000000)
  region size 1024K, 17 young (17408K), 2 survivors (2048K)
 Metaspace       used 103012K, capacity 105492K, committed 105728K, reserved 1142784K
  class space    used 12462K, capacity 13281K, committed 13312K, reserved 1048576K
}
Event: 574.412 GC heap after
{Heap after GC invocations=104 (full 0):
 garbage-first heap   total 367616K, used 129737K [0x0000000080000000, 0x0000000100000000)
  region size 1024K, 3 young (3072K), 3 survivors (3072K)
 Metaspace       used 103012K, capacity 105492K, committed 105728K, reserved 1142784K
  class space    used 12462K, capacity 13281K, committed 13312K, reserved 1048576K
}
Event: 574.499 GC heap before
{Heap before GC invocations=104 (full 0):
 garbage-first heap   total 367616K, used 143049K [0x0000000080000000, 0x0000000100000000)
  region size 1024K, 17 young (17408K), 3 survivors (3072K)
 Metaspace       used 103012K, capacity 105492K, committed 105728K, reserved 1142784K
  class space    used 12462K, capacity 13281K, committed 13312K, reserved 1048576K
}
Event: 574.570 GC heap after
{Heap after GC invocations=105 (full 0):
 garbage-first heap   total 367616K, used 127425K [0x0000000080000000, 0x0000000100000000)
  region size 1024K, 3 young (3072K), 3 survivors (3072K)
 Metaspace       used 103012K, capacity 105492K, committed 105728K, reserved 1142784K
  class space    used 12462K, capacity 13281K, committed 13312K, reserved 1048576K
}
Event: 574.735 GC heap before
{Heap before GC invocations=105 (full 0):
 garbage-first heap   total 367616K, used 140737K [0x0000000080000000, 0x0000000100000000)
  region size 1024K, 17 young (17408K), 3 survivors (3072K)
 Metaspace       used 103013K, capacity 105492K, committed 105728K, reserved 1142784K
  class space    used 12462K, capacity 13281K, committed 13312K, reserved 1048576K
}
Event: 574.819 GC heap after
{Heap after GC invocations=106 (full 0):
 garbage-first heap   total 367616K, used 132608K [0x0000000080000000, 0x0000000100000000)
  region size 1024K, 3 young (3072K), 3 survivors (3072K)
 Metaspace       used 103013K, capacity 105492K, committed 105728K, reserved 1142784K
  class space    used 12462K, capacity 13281K, committed 13312K, reserved 1048576K
}
Event: 575.113 GC heap before
{Heap before GC invocations=106 (full 0):
 garbage-first heap   total 367616K, used 146944K [0x0000000080000000, 0x0000000100000000)
  region size 1024K, 17 young (17408K), 3 survivors (3072K)
 Metaspace       used 103014K, capacity 105492K, committed 105728K, reserved 1142784K
  class space    used 12462K, capacity 13281K, committed 13312K, reserved 1048576K
}
Event: 575.221 GC heap after
{Heap after GC invocations=107 (full 0):
 garbage-first heap   total 367616K, used 141312K [0x0000000080000000, 0x0000000100000000)
  region size 1024K, 3 young (3072K), 3 survivors (3072K)
 Metaspace       used 103014K, capacity 105492K, committed 105728K, reserved 1142784K
  class space    used 12462K, capacity 13281K, committed 13312K, reserved 1048576K
}
Event: 576.285 GC heap before
{Heap before GC invocations=108 (full 0):
 garbage-first heap   total 367616K, used 154624K [0x0000000080000000, 0x0000000100000000)
  region size 1024K, 17 young (17408K), 3 survivors (3072K)
 Metaspace       used 103014K, capacity 105492K, committed 105728K, reserved 1142784K
  class space    used 12462K, capacity 13281K, committed 13312K, reserved 1048576K
}
Event: 576.357 GC heap after
{Heap after GC invocations=109 (full 0):
 garbage-first heap   total 367616K, used 150528K [0x0000000080000000, 0x0000000100000000)
  region size 1024K, 3 young (3072K), 3 survivors (3072K)
 Metaspace       used 103014K, capacity 105492K, committed 105728K, reserved 1142784K
  class space    used 12462K, capacity 13281K, committed 13312K, reserved 1048576K
}
Event: 576.665 GC heap before
{Heap before GC invocations=109 (full 0):
 garbage-first heap   total 367616K, used 164864K [0x0000000080000000, 0x0000000100000000)
  region size 1024K, 17 young (17408K), 3 survivors (3072K)
 Metaspace       used 103014K, capacity 105492K, committed 105728K, reserved 1142784K
  class space    used 12462K, capacity 13281K, committed 13312K, reserved 1048576K
}

