# JRE version: OpenJDK Runtime Environment (11.0.8+10) (build 11.0.8+10-b944.6842174)
# Java VM: OpenJDK 64-Bit Server VM (11.0.8+10-b944.6842174, mixed mode, tiered, compressed oops, g1 gc, windows-amd64)
Heap:
 garbage-first heap   total 165888K, used 94501K [0x0000000080000000, 0x0000000100000000)
  region size 1024K, 9 young (9216K), 1 survivors (1024K)
 Metaspace       used 97038K, capacity 99422K, committed 99532K, reserved 1136640K
  class space    used 11991K, capacity 12716K, committed 12748K, reserved 1048576K
GC Heap History (20 events):
Event: 314.319 GC heap before
{Heap before GC invocations=54 (full 0):
 garbage-first heap   total 114688K, used 89053K [0x0000000080000000, 0x0000000100000000)
  region size 1024K, 26 young (26624K), 3 survivors (3072K)
 Metaspace       used 79334K, capacity 81210K, committed 81356K, reserved 1120256K
  class space    used 10102K, capacity 10666K, committed 10700K, reserved 1048576K
}
Event: 314.349 GC heap after
{Heap after GC invocations=55 (full 0):
 garbage-first heap   total 138240K, used 68964K [0x0000000080000000, 0x0000000100000000)
  region size 1024K, 4 young (4096K), 4 survivors (4096K)
 Metaspace       used 79334K, capacity 81210K, committed 81356K, reserved 1120256K
  class space    used 10102K, capacity 10666K, committed 10700K, reserved 1048576K
}
Event: 318.023 GC heap before
{Heap before GC invocations=56 (full 0):
 garbage-first heap   total 138240K, used 100708K [0x0000000080000000, 0x0000000100000000)
  region size 1024K, 35 young (35840K), 4 survivors (4096K)
 Metaspace       used 83464K, capacity 85390K, committed 85580K, reserved 1124352K
  class space    used 10637K, capacity 11201K, committed 11340K, reserved 1048576K
}
Event: 318.060 GC heap after
{Heap after GC invocations=57 (full 0):
 garbage-first heap   total 138240K, used 72069K [0x0000000080000000, 0x0000000100000000)
  region size 1024K, 5 young (5120K), 5 survivors (5120K)
 Metaspace       used 83464K, capacity 85390K, committed 85580K, reserved 1124352K
  class space    used 10637K, capacity 11201K, committed 11340K, reserved 1048576K
}
Event: 324.141 GC heap before
{Heap before GC invocations=57 (full 0):
 garbage-first heap   total 138240K, used 102789K [0x0000000080000000, 0x0000000100000000)
  region size 1024K, 36 young (36864K), 5 survivors (5120K)
 Metaspace       used 86160K, capacity 88139K, committed 88396K, reserved 1126400K
  class space    used 10964K, capacity 11519K, committed 11596K, reserved 1048576K
}
Event: 324.176 GC heap after
{Heap after GC invocations=58 (full 0):
 garbage-first heap   total 138240K, used 74518K [0x0000000080000000, 0x0000000100000000)
  region size 1024K, 3 young (3072K), 3 survivors (3072K)
 Metaspace       used 86160K, capacity 88139K, committed 88396K, reserved 1126400K
  class space    used 10964K, capacity 11519K, committed 11596K, reserved 1048576K
}
Event: 327.605 GC heap before
{Heap before GC invocations=59 (full 0):
 garbage-first heap   total 138240K, used 104214K [0x0000000080000000, 0x0000000100000000)
  region size 1024K, 33 young (33792K), 3 survivors (3072K)
 Metaspace       used 86578K, capacity 88537K, committed 88652K, reserved 1126400K
  class space    used 10969K, capacity 11520K, committed 11596K, reserved 1048576K
}
Event: 327.631 GC heap after
{Heap after GC invocations=60 (full 0):
 garbage-first heap   total 138240K, used 76402K [0x0000000080000000, 0x0000000100000000)
  region size 1024K, 5 young (5120K), 5 survivors (5120K)
 Metaspace       used 86578K, capacity 88537K, committed 88652K, reserved 1126400K
  class space    used 10969K, capacity 11520K, committed 11596K, reserved 1048576K
}
Event: 333.050 GC heap before
{Heap before GC invocations=60 (full 0):
 garbage-first heap   total 138240K, used 108146K [0x0000000080000000, 0x0000000100000000)
  region size 1024K, 36 young (36864K), 5 survivors (5120K)
 Metaspace       used 87600K, capacity 89761K, committed 90060K, reserved 1128448K
  class space    used 11050K, capacity 11647K, committed 11724K, reserved 1048576K
}
Event: 333.080 GC heap after
{Heap after GC invocations=61 (full 0):
 garbage-first heap   total 165888K, used 77741K [0x0000000080000000, 0x0000000100000000)
  region size 1024K, 4 young (4096K), 4 survivors (4096K)
 Metaspace       used 87600K, capacity 89761K, committed 90060K, reserved 1128448K
  class space    used 11050K, capacity 11647K, committed 11724K, reserved 1048576K
}
Event: 335.788 GC heap before
{Heap before GC invocations=62 (full 0):
 garbage-first heap   total 165888K, used 120749K [0x0000000080000000, 0x0000000100000000)
  region size 1024K, 46 young (47104K), 4 survivors (4096K)
 Metaspace       used 90619K, capacity 92687K, committed 93004K, reserved 1130496K
  class space    used 11398K, capacity 12021K, committed 12108K, reserved 1048576K
}
Event: 335.833 GC heap after
{Heap after GC invocations=63 (full 0):
 garbage-first heap   total 165888K, used 80838K [0x0000000080000000, 0x0000000100000000)
  region size 1024K, 5 young (5120K), 5 survivors (5120K)
 Metaspace       used 90619K, capacity 92687K, committed 93004K, reserved 1130496K
  class space    used 11398K, capacity 12021K, committed 12108K, reserved 1048576K
}
Event: 471.834 GC heap before
{Heap before GC invocations=63 (full 0):
 garbage-first heap   total 165888K, used 124870K [0x0000000080000000, 0x0000000100000000)
  region size 1024K, 49 young (50176K), 5 survivors (5120K)
 Metaspace       used 95178K, capacity 97522K, committed 97740K, reserved 1134592K
  class space    used 11785K, capacity 12461K, committed 12492K, reserved 1048576K
}
Event: 471.879 GC heap after
{Heap after GC invocations=64 (full 0):
 garbage-first heap   total 165888K, used 84992K [0x0000000080000000, 0x0000000100000000)
  region size 1024K, 7 young (7168K), 7 survivors (7168K)
 Metaspace       used 95178K, capacity 97522K, committed 97740K, reserved 1134592K
  class space    used 11785K, capacity 12461K, committed 12492K, reserved 1048576K
}
Event: 476.482 GC heap before
{Heap before GC invocations=65 (full 0):
 garbage-first heap   total 165888K, used 112640K [0x0000000080000000, 0x0000000100000000)
  region size 1024K, 36 young (36864K), 7 survivors (7168K)
 Metaspace       used 95379K, capacity 97690K, committed 97868K, reserved 1134592K
  class space    used 11797K, capacity 12488K, committed 12620K, reserved 1048576K
}
Event: 476.539 GC heap after
{Heap after GC invocations=66 (full 0):
 garbage-first heap   total 165888K, used 86597K [0x0000000080000000, 0x0000000100000000)
  region size 1024K, 2 young (2048K), 2 survivors (2048K)
 Metaspace       used 95379K, capacity 97690K, committed 97868K, reserved 1134592K
  class space    used 11797K, capacity 12488K, committed 12620K, reserved 1048576K
}
Event: 481.498 GC heap before
{Heap before GC invocations=67 (full 0):
 garbage-first heap   total 165888K, used 125509K [0x0000000080000000, 0x0000000100000000)
  region size 1024K, 40 young (40960K), 2 survivors (2048K)
 Metaspace       used 96637K, capacity 98975K, committed 99276K, reserved 1136640K
  class space    used 11940K, capacity 12672K, committed 12748K, reserved 1048576K
}
Event: 481.527 GC heap after
{Heap after GC invocations=68 (full 0):
 garbage-first heap   total 165888K, used 88395K [0x0000000080000000, 0x0000000100000000)
  region size 1024K, 4 young (4096K), 4 survivors (4096K)
 Metaspace       used 96637K, capacity 98975K, committed 99276K, reserved 1136640K
  class space    used 11940K, capacity 12672K, committed 12748K, reserved 1048576K
}
Event: 481.801 GC heap before
{Heap before GC invocations=68 (full 0):
 garbage-first heap   total 165888K, used 91467K [0x0000000080000000, 0x0000000100000000)
  region size 1024K, 8 young (8192K), 4 survivors (4096K)
 Metaspace       used 96643K, capacity 98975K, committed 99276K, reserved 1136640K
  class space    used 11940K, capacity 12672K, committed 12748K, reserved 1048576K
}
Event: 481.828 GC heap after
{Heap after GC invocations=69 (full 0):
 garbage-first heap   total 165888K, used 87333K [0x0000000080000000, 0x0000000100000000)
  region size 1024K, 1 young (1024K), 1 survivors (1024K)
 Metaspace       used 96643K, capacity 98975K, committed 99276K, reserved 1136640K
  class space    used 11940K, capacity 12672K, committed 12748K, reserved 1048576K
}

