# JRE version: OpenJDK Runtime Environment (11.0.8+10) (build 11.0.8+10-b944.6842174)
# Java VM: OpenJDK 64-Bit Server VM (11.0.8+10-b944.6842174, mixed mode, tiered, compressed oops, g1 gc, windows-amd64)
Heap:
 garbage-first heap   total 309248K, used 170240K [0x0000000080000000, 0x0000000100000000)
  region size 1024K, 3 young (3072K), 2 survivors (2048K)
 Metaspace       used 118514K, capacity 120944K, committed 121164K, reserved 1155072K
  class space    used 14362K, capacity 15146K, committed 15180K, reserved 1048576K
GC Heap History (20 events):
Event: 3280.204 GC heap before
{Heap before GC invocations=71 (full 0):
 garbage-first heap   total 244736K, used 143104K [0x0000000080000000, 0x0000000100000000)
  region size 1024K, 11 young (11264K), 4 survivors (4096K)
 Metaspace       used 108268K, capacity 110427K, committed 110668K, reserved 1146880K
  class space    used 13100K, capacity 13771K, committed 13900K, reserved 1048576K
}
Event: 3280.298 GC heap after
{Heap after GC invocations=72 (full 0):
 garbage-first heap   total 244736K, used 121635K [0x0000000080000000, 0x0000000100000000)
  region size 1024K, 1 young (1024K), 1 survivors (1024K)
 Metaspace       used 108268K, capacity 110427K, committed 110668K, reserved 1146880K
  class space    used 13100K, capacity 13771K, committed 13900K, reserved 1048576K
}
Event: 3281.006 GC heap before
{Heap before GC invocations=72 (full 0):
 garbage-first heap   total 244736K, used 167715K [0x0000000080000000, 0x0000000100000000)
  region size 1024K, 46 young (47104K), 1 survivors (1024K)
 Metaspace       used 108277K, capacity 110427K, committed 110668K, reserved 1146880K
  class space    used 13100K, capacity 13771K, committed 13900K, reserved 1048576K
}
Event: 3281.022 GC heap after
{Heap after GC invocations=73 (full 0):
 garbage-first heap   total 244736K, used 121984K [0x0000000080000000, 0x0000000100000000)
  region size 1024K, 1 young (1024K), 1 survivors (1024K)
 Metaspace       used 108277K, capacity 110427K, committed 110668K, reserved 1146880K
  class space    used 13100K, capacity 13771K, committed 13900K, reserved 1048576K
}
Event: 3283.160 GC heap before
{Heap before GC invocations=73 (full 0):
 garbage-first heap   total 244736K, used 184448K [0x0000000080000000, 0x0000000100000000)
  region size 1024K, 60 young (61440K), 1 survivors (1024K)
 Metaspace       used 109658K, capacity 111831K, committed 112076K, reserved 1146880K
  class space    used 13276K, capacity 13960K, committed 14028K, reserved 1048576K
}
Event: 3283.190 GC heap after
{Heap after GC invocations=74 (full 0):
 garbage-first heap   total 244736K, used 129247K [0x0000000080000000, 0x0000000100000000)
  region size 1024K, 7 young (7168K), 7 survivors (7168K)
 Metaspace       used 109658K, capacity 111831K, committed 112076K, reserved 1146880K
  class space    used 13276K, capacity 13960K, committed 14028K, reserved 1048576K
}
Event: 3288.220 GC heap before
{Heap before GC invocations=74 (full 0):
 garbage-first heap   total 244736K, used 188639K [0x0000000080000000, 0x0000000100000000)
  region size 1024K, 65 young (66560K), 7 survivors (7168K)
 Metaspace       used 116552K, capacity 118961K, committed 119116K, reserved 1153024K
  class space    used 14120K, capacity 14881K, committed 14924K, reserved 1048576K
}
Event: 3288.272 GC heap after
{Heap after GC invocations=75 (full 0):
 garbage-first heap   total 244736K, used 134132K [0x0000000080000000, 0x0000000100000000)
  region size 1024K, 5 young (5120K), 5 survivors (5120K)
 Metaspace       used 116552K, capacity 118961K, committed 119116K, reserved 1153024K
  class space    used 14120K, capacity 14881K, committed 14924K, reserved 1048576K
}
Event: 3296.321 GC heap before
{Heap before GC invocations=75 (full 0):
 garbage-first heap   total 244736K, used 182260K [0x0000000080000000, 0x0000000100000000)
  region size 1024K, 49 young (50176K), 5 survivors (5120K)
 Metaspace       used 117425K, capacity 119848K, committed 120012K, reserved 1155072K
  class space    used 14213K, capacity 15002K, committed 15052K, reserved 1048576K
}
Event: 3296.360 GC heap after
{Heap after GC invocations=76 (full 0):
 garbage-first heap   total 244736K, used 142742K [0x0000000080000000, 0x0000000100000000)
  region size 1024K, 5 young (5120K), 5 survivors (5120K)
 Metaspace       used 117425K, capacity 119848K, committed 120012K, reserved 1155072K
  class space    used 14213K, capacity 15002K, committed 15052K, reserved 1048576K
}
Event: 3298.282 GC heap before
{Heap before GC invocations=77 (full 0):
 garbage-first heap   total 244736K, used 188822K [0x0000000080000000, 0x0000000100000000)
  region size 1024K, 55 young (56320K), 5 survivors (5120K)
 Metaspace       used 118274K, capacity 120731K, committed 120908K, reserved 1155072K
  class space    used 14357K, capacity 15145K, committed 15180K, reserved 1048576K
}
Event: 3298.533 GC heap after
{Heap after GC invocations=78 (full 0):
 garbage-first heap   total 244736K, used 155648K [0x0000000080000000, 0x0000000100000000)
  region size 1024K, 7 young (7168K), 7 survivors (7168K)
 Metaspace       used 118274K, capacity 120731K, committed 120908K, reserved 1155072K
  class space    used 14357K, capacity 15145K, committed 15180K, reserved 1048576K
}
Event: 3298.655 GC heap before
{Heap before GC invocations=78 (full 0):
 garbage-first heap   total 244736K, used 158720K [0x0000000080000000, 0x0000000100000000)
  region size 1024K, 11 young (11264K), 7 survivors (7168K)
 Metaspace       used 118278K, capacity 120731K, committed 120908K, reserved 1155072K
  class space    used 14357K, capacity 15145K, committed 15180K, reserved 1048576K
}
Event: 3298.761 GC heap after
{Heap after GC invocations=79 (full 0):
 garbage-first heap   total 244736K, used 133632K [0x0000000080000000, 0x0000000100000000)
  region size 1024K, 2 young (2048K), 2 survivors (2048K)
 Metaspace       used 118278K, capacity 120731K, committed 120908K, reserved 1155072K
  class space    used 14357K, capacity 15145K, committed 15180K, reserved 1048576K
}
Event: 3298.976 GC heap before
{Heap before GC invocations=79 (full 0):
 garbage-first heap   total 244736K, used 142848K [0x0000000080000000, 0x0000000100000000)
  region size 1024K, 11 young (11264K), 2 survivors (2048K)
 Metaspace       used 118286K, capacity 120731K, committed 120908K, reserved 1155072K
  class space    used 14357K, capacity 15145K, committed 15180K, reserved 1048576K
}
Event: 3299.039 GC heap after
{Heap after GC invocations=80 (full 0):
 garbage-first heap   total 309248K, used 138752K [0x0000000080000000, 0x0000000100000000)
  region size 1024K, 2 young (2048K), 2 survivors (2048K)
 Metaspace       used 118286K, capacity 120731K, committed 120908K, reserved 1155072K
  class space    used 14357K, capacity 15145K, committed 15180K, reserved 1048576K
}
Event: 3301.155 GC heap before
{Heap before GC invocations=80 (full 0):
 garbage-first heap   total 309248K, used 171520K [0x0000000080000000, 0x0000000100000000)
  region size 1024K, 35 young (35840K), 2 survivors (2048K)
 Metaspace       used 118498K, capacity 120940K, committed 121164K, reserved 1155072K
  class space    used 14362K, capacity 15146K, committed 15180K, reserved 1048576K
}
Event: 3301.296 GC heap after
{Heap after GC invocations=81 (full 0):
 garbage-first heap   total 309248K, used 157184K [0x0000000080000000, 0x0000000100000000)
  region size 1024K, 5 young (5120K), 5 survivors (5120K)
 Metaspace       used 118498K, capacity 120940K, committed 121164K, reserved 1155072K
  class space    used 14362K, capacity 15146K, committed 15180K, reserved 1048576K
}
Event: 3301.952 GC heap before
{Heap before GC invocations=81 (full 0):
 garbage-first heap   total 309248K, used 174592K [0x0000000080000000, 0x0000000100000000)
  region size 1024K, 15 young (15360K), 5 survivors (5120K)
 Metaspace       used 118514K, capacity 120944K, committed 121164K, reserved 1155072K
  class space    used 14362K, capacity 15146K, committed 15180K, reserved 1048576K
}
Event: 3302.030 GC heap after
{Heap after GC invocations=82 (full 0):
 garbage-first heap   total 309248K, used 170240K [0x0000000080000000, 0x0000000100000000)
  region size 1024K, 2 young (2048K), 2 survivors (2048K)
 Metaspace       used 118514K, capacity 120944K, committed 121164K, reserved 1155072K
  class space    used 14362K, capacity 15146K, committed 15180K, reserved 1048576K
}

