# JRE version: OpenJDK Runtime Environment (11.0.8+10) (build 11.0.8+10-b944.6842174)
# Java VM: OpenJDK 64-Bit Server VM (11.0.8+10-b944.6842174, mixed mode, tiered, compressed oops, g1 gc, windows-amd64)
Heap:
 garbage-first heap   total 199680K, used 105101K [0x0000000080000000, 0x0000000100000000)
  region size 1024K, 7 young (7168K), 2 survivors (2048K)
 Metaspace       used 85014K, capacity 87166K, committed 87424K, reserved 1126400K
  class space    used 10366K, capacity 11051K, committed 11136K, reserved 1048576K
GC Heap History (20 events):
Event: 109.354 GC heap before
{Heap before GC invocations=54 (full 0):
 garbage-first heap   total 199680K, used 136367K [0x0000000080000000, 0x0000000100000000)
  region size 1024K, 48 young (49152K), 3 survivors (3072K)
 Metaspace       used 78484K, capacity 80241K, committed 80512K, reserved 1120256K
  class space    used 9764K, capacity 10323K, committed 10368K, reserved 1048576K
}
Event: 109.387 GC heap after
{Heap after GC invocations=55 (full 0):
 garbage-first heap   total 199680K, used 94373K [0x0000000080000000, 0x0000000100000000)
  region size 1024K, 6 young (6144K), 6 survivors (6144K)
 Metaspace       used 78484K, capacity 80241K, committed 80512K, reserved 1120256K
  class space    used 9764K, capacity 10323K, committed 10368K, reserved 1048576K
}
Event: 176.763 GC heap before
{Heap before GC invocations=56 (full 0):
 garbage-first heap   total 199680K, used 138405K [0x0000000080000000, 0x0000000100000000)
  region size 1024K, 53 young (54272K), 6 survivors (6144K)
 Metaspace       used 83522K, capacity 85519K, committed 85760K, reserved 1124352K
  class space    used 10313K, capacity 10937K, committed 11008K, reserved 1048576K
}
Event: 176.817 GC heap after
{Heap after GC invocations=57 (full 0):
 garbage-first heap   total 199680K, used 85766K [0x0000000080000000, 0x0000000100000000)
  region size 1024K, 3 young (3072K), 3 survivors (3072K)
 Metaspace       used 83522K, capacity 85519K, committed 85760K, reserved 1124352K
  class space    used 10313K, capacity 10937K, committed 11008K, reserved 1048576K
}
Event: 836.789 GC heap before
{Heap before GC invocations=57 (full 0):
 garbage-first heap   total 199680K, used 90886K [0x0000000080000000, 0x0000000100000000)
  region size 1024K, 9 young (9216K), 3 survivors (3072K)
 Metaspace       used 83685K, capacity 85648K, committed 85760K, reserved 1124352K
  class space    used 10313K, capacity 10937K, committed 11008K, reserved 1048576K
}
Event: 836.820 GC heap after
{Heap after GC invocations=58 (full 0):
 garbage-first heap   total 199680K, used 83273K [0x0000000080000000, 0x0000000100000000)
  region size 1024K, 1 young (1024K), 1 survivors (1024K)
 Metaspace       used 83685K, capacity 85648K, committed 85760K, reserved 1124352K
  class space    used 10313K, capacity 10937K, committed 11008K, reserved 1048576K
}
Event: 1806.073 GC heap before
{Heap before GC invocations=58 (full 0):
 garbage-first heap   total 199680K, used 96585K [0x0000000080000000, 0x0000000100000000)
  region size 1024K, 15 young (15360K), 1 survivors (1024K)
 Metaspace       used 83949K, capacity 85973K, committed 86272K, reserved 1124352K
  class space    used 10313K, capacity 10937K, committed 11008K, reserved 1048576K
}
Event: 1806.083 GC heap after
{Heap after GC invocations=59 (full 0):
 garbage-first heap   total 199680K, used 83376K [0x0000000080000000, 0x0000000100000000)
  region size 1024K, 1 young (1024K), 1 survivors (1024K)
 Metaspace       used 83949K, capacity 85973K, committed 86272K, reserved 1124352K
  class space    used 10313K, capacity 10937K, committed 11008K, reserved 1048576K
}
Event: 1808.723 GC heap before
{Heap before GC invocations=59 (full 0):
 garbage-first heap   total 199680K, used 104880K [0x0000000080000000, 0x0000000100000000)
  region size 1024K, 23 young (23552K), 1 survivors (1024K)
 Metaspace       used 84295K, capacity 86277K, committed 86528K, reserved 1124352K
  class space    used 10318K, capacity 10945K, committed 11008K, reserved 1048576K
}
Event: 1808.743 GC heap after
{Heap after GC invocations=60 (full 0):
 garbage-first heap   total 199680K, used 85513K [0x0000000080000000, 0x0000000100000000)
  region size 1024K, 3 young (3072K), 3 survivors (3072K)
 Metaspace       used 84295K, capacity 86277K, committed 86528K, reserved 1124352K
  class space    used 10318K, capacity 10945K, committed 11008K, reserved 1048576K
}
Event: 1810.637 GC heap before
{Heap before GC invocations=60 (full 0):
 garbage-first heap   total 199680K, used 111113K [0x0000000080000000, 0x0000000100000000)
  region size 1024K, 27 young (27648K), 3 survivors (3072K)
 Metaspace       used 84324K, capacity 86280K, committed 86528K, reserved 1124352K
  class space    used 10319K, capacity 10946K, committed 11008K, reserved 1048576K
}
Event: 1810.663 GC heap after
{Heap after GC invocations=61 (full 0):
 garbage-first heap   total 199680K, used 91438K [0x0000000080000000, 0x0000000100000000)
  region size 1024K, 4 young (4096K), 4 survivors (4096K)
 Metaspace       used 84324K, capacity 86280K, committed 86528K, reserved 1124352K
  class space    used 10319K, capacity 10946K, committed 11008K, reserved 1048576K
}
Event: 1811.429 GC heap before
{Heap before GC invocations=61 (full 0):
 garbage-first heap   total 199680K, used 117038K [0x0000000080000000, 0x0000000100000000)
  region size 1024K, 29 young (29696K), 4 survivors (4096K)
 Metaspace       used 84467K, capacity 86507K, committed 86784K, reserved 1124352K
  class space    used 10325K, capacity 10979K, committed 11008K, reserved 1048576K
}
Event: 1811.489 GC heap after
{Heap after GC invocations=62 (full 0):
 garbage-first heap   total 199680K, used 100129K [0x0000000080000000, 0x0000000100000000)
  region size 1024K, 4 young (4096K), 4 survivors (4096K)
 Metaspace       used 84467K, capacity 86507K, committed 86784K, reserved 1124352K
  class space    used 10325K, capacity 10979K, committed 11008K, reserved 1048576K
}
Event: 1812.400 GC heap before
{Heap before GC invocations=62 (full 0):
 garbage-first heap   total 199680K, used 122657K [0x0000000080000000, 0x0000000100000000)
  region size 1024K, 26 young (26624K), 4 survivors (4096K)
 Metaspace       used 84478K, capacity 86508K, committed 86784K, reserved 1124352K
  class space    used 10325K, capacity 10979K, committed 11008K, reserved 1048576K
}
Event: 1812.469 GC heap after
{Heap after GC invocations=63 (full 0):
 garbage-first heap   total 199680K, used 107008K [0x0000000080000000, 0x0000000100000000)
  region size 1024K, 4 young (4096K), 4 survivors (4096K)
 Metaspace       used 84478K, capacity 86508K, committed 86784K, reserved 1124352K
  class space    used 10325K, capacity 10979K, committed 11008K, reserved 1048576K
}
Event: 1833.607 GC heap before
{Heap before GC invocations=64 (full 0):
 garbage-first heap   total 199680K, used 143872K [0x0000000080000000, 0x0000000100000000)
  region size 1024K, 26 young (26624K), 4 survivors (4096K)
 Metaspace       used 84871K, capacity 87006K, committed 87168K, reserved 1126400K
  class space    used 10363K, capacity 11045K, committed 11136K, reserved 1048576K
}
Event: 1833.653 GC heap after
{Heap after GC invocations=65 (full 0):
 garbage-first heap   total 199680K, used 107008K [0x0000000080000000, 0x0000000100000000)
  region size 1024K, 2 young (2048K), 2 survivors (2048K)
 Metaspace       used 84871K, capacity 87006K, committed 87168K, reserved 1126400K
  class space    used 10363K, capacity 11045K, committed 11136K, reserved 1048576K
}
Event: 1834.368 GC heap before
{Heap before GC invocations=65 (full 0):
 garbage-first heap   total 199680K, used 114176K [0x0000000080000000, 0x0000000100000000)
  region size 1024K, 9 young (9216K), 2 survivors (2048K)
 Metaspace       used 84998K, capacity 87102K, committed 87424K, reserved 1126400K
  class space    used 10366K, capacity 11051K, committed 11136K, reserved 1048576K
}
Event: 1834.402 GC heap after
{Heap after GC invocations=66 (full 0):
 garbage-first heap   total 199680K, used 102029K [0x0000000080000000, 0x0000000100000000)
  region size 1024K, 2 young (2048K), 2 survivors (2048K)
 Metaspace       used 84998K, capacity 87102K, committed 87424K, reserved 1126400K
  class space    used 10366K, capacity 11051K, committed 11136K, reserved 1048576K
}

